  [1m[35m (457.3ms)[0m  [1m[35mCREATE DATABASE "cats99_development" ENCODING = 'unicode'[0m
  ↳ bin/rails:9
  [1m[35m (113.6ms)[0m  [1m[35mCREATE DATABASE "cats99_test" ENCODING = 'unicode'[0m
  ↳ bin/rails:9
  [1m[35m (15.9ms)[0m  [1m[35mCREATE TABLE "schema_migrations" ("version" character varying NOT NULL PRIMARY KEY)[0m
  ↳ bin/rails:9
  [1m[35m (20.6ms)[0m  [1m[35mCREATE TABLE "ar_internal_metadata" ("key" character varying NOT NULL PRIMARY KEY, "value" character varying, "created_at" timestamp NOT NULL, "updated_at" timestamp NOT NULL)[0m
  ↳ bin/rails:9
  [1m[35m (0.3ms)[0m  [1m[34mSELECT pg_try_advisory_lock(7809834472913233005)[0m
  ↳ bin/rails:9
  [1m[35m (0.7ms)[0m  [1m[34mSELECT "schema_migrations"."version" FROM "schema_migrations" ORDER BY "schema_migrations"."version" ASC[0m
  ↳ bin/rails:9
Migrating to CreateCats (20200904185807)
  [1m[35m (0.2ms)[0m  [1m[35mBEGIN[0m
  ↳ bin/rails:9
  [1m[35m (37.5ms)[0m  [1m[35mCREATE TABLE "cats" ("id" bigserial primary key, "birthdate" date NOT NULL, "color" character varying NOT NULL, "name" character varying NOT NULL, "sex" character varying(1) NOT NULL, "description" text NOT NULL, "created_at" timestamp NOT NULL, "updated_at" timestamp NOT NULL)[0m
  ↳ db/migrate/20200904185807_create_cats.rb:3
  [1m[36mActiveRecord::SchemaMigration Create (1.2ms)[0m  [1m[32mINSERT INTO "schema_migrations" ("version") VALUES ($1) RETURNING "version"[0m  [["version", "20200904185807"]]
  ↳ bin/rails:9
  [1m[35m (5.9ms)[0m  [1m[35mCOMMIT[0m
  ↳ bin/rails:9
  [1m[36mActiveRecord::InternalMetadata Load (6.4ms)[0m  [1m[34mSELECT  "ar_internal_metadata".* FROM "ar_internal_metadata" WHERE "ar_internal_metadata"."key" = $1 LIMIT $2[0m  [["key", "environment"], ["LIMIT", 1]]
  ↳ bin/rails:9
  [1m[35m (0.1ms)[0m  [1m[35mBEGIN[0m
  ↳ bin/rails:9
  [1m[36mActiveRecord::InternalMetadata Create (1.4ms)[0m  [1m[32mINSERT INTO "ar_internal_metadata" ("key", "value", "created_at", "updated_at") VALUES ($1, $2, $3, $4) RETURNING "key"[0m  [["key", "environment"], ["value", "development"], ["created_at", "2020-09-04 19:06:06.560272"], ["updated_at", "2020-09-04 19:06:06.560272"]]
  ↳ bin/rails:9
  [1m[35m (6.4ms)[0m  [1m[35mCOMMIT[0m
  ↳ bin/rails:9
  [1m[35m (0.3ms)[0m  [1m[34mSELECT pg_advisory_unlock(7809834472913233005)[0m
  ↳ bin/rails:9
  [1m[35m (0.4ms)[0m  [1m[34mSELECT "schema_migrations"."version" FROM "schema_migrations" ORDER BY "schema_migrations"."version" ASC[0m
  ↳ bin/rails:9
  [1m[35m (0.2ms)[0m  [1m[35mBEGIN[0m
  [1m[35m (3.5ms)[0m  [1m[31mROLLBACK[0m
Started GET "/cats" for ::1 at 2020-09-04 14:05:55 -0700
  [1m[35m (1.8ms)[0m  [1m[34mSELECT "schema_migrations"."version" FROM "schema_migrations" ORDER BY "schema_migrations"."version" ASC[0m
  ↳ /Users/peter/.rbenv/versions/2.5.1/lib/ruby/gems/2.5.0/gems/activerecord-5.2.4.3/lib/active_record/log_subscriber.rb:98
Processing by CatsController#index as HTML
  Rendering cats/index.html.erb within layouts/application
  [1m[36mCat Load (21.7ms)[0m  [1m[34mSELECT "cats".* FROM "cats"[0m
  ↳ app/views/cats/index.html.erb:2
  Rendered cats/index.html.erb within layouts/application (244.5ms)
Completed 200 OK in 2386ms (Views: 2150.1ms | ActiveRecord: 205.1ms)


Started GET "/cats" for ::1 at 2020-09-04 14:06:20 -0700
Processing by CatsController#index as HTML
  Rendering cats/index.html.erb within layouts/application
  [1m[36mCat Load (53.6ms)[0m  [1m[34mSELECT "cats".* FROM "cats"[0m
  ↳ app/views/cats/index.html.erb:2
  Rendered cats/index.html.erb within layouts/application (56.6ms)
Completed 200 OK in 190ms (Views: 134.6ms | ActiveRecord: 53.6ms)


  [1m[35m (0.8ms)[0m  [1m[34mSELECT "schema_migrations"."version" FROM "schema_migrations" ORDER BY "schema_migrations"."version" ASC[0m
  ↳ bin/rails:9
  [1m[35m (0.2ms)[0m  [1m[35mBEGIN[0m
  ↳ db/seeds.rb:10
  [1m[36mCat Create (2.2ms)[0m  [1m[32mINSERT INTO "cats" ("birthdate", "color", "name", "sex", "description", "created_at", "updated_at") VALUES ($1, $2, $3, $4, $5, $6, $7) RETURNING "id"[0m  [["birthdate", "2020-08-25"], ["color", "green"], ["name", "Peter"], ["sex", "M"], ["description", "I am a human, not a cat."], ["created_at", "2020-09-04 21:10:25.245864"], ["updated_at", "2020-09-04 21:10:25.245864"]]
  ↳ db/seeds.rb:10
  [1m[35m (1.6ms)[0m  [1m[35mCOMMIT[0m
  ↳ db/seeds.rb:10
  [1m[35m (0.1ms)[0m  [1m[35mBEGIN[0m
  ↳ db/seeds.rb:11
  [1m[36mCat Create (0.4ms)[0m  [1m[32mINSERT INTO "cats" ("birthdate", "color", "name", "sex", "description", "created_at", "updated_at") VALUES ($1, $2, $3, $4, $5, $6, $7) RETURNING "id"[0m  [["birthdate", "2010-02-14"], ["color", "blue"], ["name", "Nathan"], ["sex", "F"], ["description", "I love being a cat"], ["created_at", "2020-09-04 21:10:25.252066"], ["updated_at", "2020-09-04 21:10:25.252066"]]
  ↳ db/seeds.rb:11
  [1m[35m (1.1ms)[0m  [1m[35mCOMMIT[0m
  ↳ db/seeds.rb:11
  [1m[36mCat Load (0.8ms)[0m  [1m[34mSELECT "cats".* FROM "cats"[0m
Started GET "/cats" for ::1 at 2020-09-04 14:11:54 -0700
  [1m[35m (1.0ms)[0m  [1m[34mSELECT "schema_migrations"."version" FROM "schema_migrations" ORDER BY "schema_migrations"."version" ASC[0m
  ↳ /Users/peter/.rbenv/versions/2.5.1/lib/ruby/gems/2.5.0/gems/activerecord-5.2.4.3/lib/active_record/log_subscriber.rb:98
Processing by CatsController#index as HTML
  Rendering cats/index.html.erb within layouts/application
  [1m[36mCat Load (13.2ms)[0m  [1m[34mSELECT "cats".* FROM "cats"[0m
  ↳ app/views/cats/index.html.erb:2
  Rendered cats/index.html.erb within layouts/application (174.8ms)
Completed 200 OK in 772ms (Views: 631.1ms | ActiveRecord: 72.8ms)


Started GET "/cats" for ::1 at 2020-09-04 14:12:45 -0700
Processing by CatsController#index as HTML
  Rendering cats/index.html.erb within layouts/application
  [1m[36mCat Load (39.9ms)[0m  [1m[34mSELECT "cats".* FROM "cats"[0m
  ↳ app/views/cats/index.html.erb:2
  Rendered cats/index.html.erb within layouts/application (45.1ms)
Completed 200 OK in 165ms (Views: 123.4ms | ActiveRecord: 39.9ms)


Started GET "/cats" for ::1 at 2020-09-04 14:20:36 -0700
Processing by CatsController#index as HTML
  Rendering cats/index.html.erb within layouts/application
  [1m[36mCat Load (1.2ms)[0m  [1m[34mSELECT "cats".* FROM "cats"[0m
  ↳ app/views/cats/index.html.erb:2
  Rendered cats/index.html.erb within layouts/application (2.7ms)
Completed 200 OK in 90ms (Views: 88.2ms | ActiveRecord: 1.2ms)


Started GET "/cats/1" for ::1 at 2020-09-04 14:20:50 -0700
Processing by CatsController#show as HTML
  Parameters: {"id"=>"1"}
  [1m[36mCat Load (2.3ms)[0m  [1m[34mSELECT  "cats".* FROM "cats" WHERE "cats"."id" = $1 LIMIT $2[0m  [["id", 1], ["LIMIT", 1]]
  ↳ app/controllers/cats_controller.rb:8
  Rendering cats/show.html.erb within layouts/application
  Rendered cats/show.html.erb within layouts/application (20.1ms)
Completed 200 OK in 351ms (Views: 274.8ms | ActiveRecord: 55.4ms)


Started GET "/cats/2" for ::1 at 2020-09-04 14:20:55 -0700
Processing by CatsController#show as HTML
  Parameters: {"id"=>"2"}
  [1m[36mCat Load (1.5ms)[0m  [1m[34mSELECT  "cats".* FROM "cats" WHERE "cats"."id" = $1 LIMIT $2[0m  [["id", 2], ["LIMIT", 1]]
  ↳ app/controllers/cats_controller.rb:8
  Rendering cats/show.html.erb within layouts/application
  Rendered cats/show.html.erb within layouts/application (22.4ms)
Completed 200 OK in 220ms (Views: 215.9ms | ActiveRecord: 1.5ms)


Started GET "/cats" for ::1 at 2020-09-04 14:26:08 -0700
Processing by CatsController#index as HTML
  Rendering cats/index.html.erb within layouts/application
  [1m[36mCat Load (1.8ms)[0m  [1m[34mSELECT "cats".* FROM "cats"[0m
  ↳ app/views/cats/index.html.erb:4
  Rendered cats/index.html.erb within layouts/application (4.9ms)
Completed 200 OK in 72ms (Views: 69.3ms | ActiveRecord: 1.8ms)


Started GET "/cats/1" for ::1 at 2020-09-04 14:26:10 -0700
Processing by CatsController#show as HTML
  Parameters: {"id"=>"1"}
  [1m[36mCat Load (35.3ms)[0m  [1m[34mSELECT  "cats".* FROM "cats" WHERE "cats"."id" = $1 LIMIT $2[0m  [["id", 1], ["LIMIT", 1]]
  ↳ app/controllers/cats_controller.rb:8
  Rendering cats/show.html.erb within layouts/application
  Rendered cats/show.html.erb within layouts/application (1.1ms)
Completed 200 OK in 97ms (Views: 59.3ms | ActiveRecord: 35.3ms)


Started GET "/cats/2" for ::1 at 2020-09-04 14:26:14 -0700
Processing by CatsController#show as HTML
  Parameters: {"id"=>"2"}
  [1m[36mCat Load (13.0ms)[0m  [1m[34mSELECT  "cats".* FROM "cats" WHERE "cats"."id" = $1 LIMIT $2[0m  [["id", 2], ["LIMIT", 1]]
  ↳ app/controllers/cats_controller.rb:8
  Rendering cats/show.html.erb within layouts/application
  Rendered cats/show.html.erb within layouts/application (0.8ms)
Completed 200 OK in 77ms (Views: 57.5ms | ActiveRecord: 13.0ms)


Started GET "/cats/1" for ::1 at 2020-09-04 14:27:33 -0700
Processing by CatsController#show as HTML
  Parameters: {"id"=>"1"}
  [1m[36mCat Load (8.3ms)[0m  [1m[34mSELECT  "cats".* FROM "cats" WHERE "cats"."id" = $1 LIMIT $2[0m  [["id", 1], ["LIMIT", 1]]
  ↳ app/controllers/cats_controller.rb:8
  Rendering cats/show.html.erb within layouts/application
  Rendered cats/show.html.erb within layouts/application (0.9ms)
Completed 200 OK in 55ms (Views: 43.9ms | ActiveRecord: 8.3ms)


  [1m[36mCat Load (0.9ms)[0m  [1m[34mSELECT "cats".* FROM "cats"[0m
  [1m[35m (8.5ms)[0m  [1m[35mBEGIN[0m
  [1m[35m (0.5ms)[0m  [1m[31mROLLBACK[0m
  [1m[35m (1.5ms)[0m  [1m[35mBEGIN[0m
  [1m[36mCat Create (3.1ms)[0m  [1m[32mINSERT INTO "cats" ("birthdate", "color", "name", "sex", "description", "created_at", "updated_at") VALUES ($1, $2, $3, $4, $5, $6, $7) RETURNING "id"[0m  [["birthdate", "2015-01-20"], ["color", "blue"], ["name", "peter"], ["sex", "M"], ["description", "I am actually a human!"], ["created_at", "2020-09-04 21:49:47.335953"], ["updated_at", "2020-09-04 21:49:47.335953"]]
  [1m[35m (8.7ms)[0m  [1m[35mCOMMIT[0m
  [1m[36mCat Load (1.5ms)[0m  [1m[34mSELECT "cats".* FROM "cats"[0m
Started GET "/cats" for ::1 at 2020-09-04 15:01:31 -0700
Processing by CatsController#index as HTML
  Rendering cats/index.html.erb within layouts/application
  [1m[36mCat Load (9.3ms)[0m  [1m[34mSELECT "cats".* FROM "cats"[0m
  ↳ app/views/cats/index.html.erb:4
  Rendered cats/index.html.erb within layouts/application (39.4ms)
Completed 200 OK in 93ms (Views: 56.7ms | ActiveRecord: 26.9ms)


Started GET "/cats/new" for ::1 at 2020-09-04 15:01:46 -0700
Processing by CatsController#new as HTML
  Rendering cats/new.html.erb within layouts/application
  Rendered cats/new.html.erb within layouts/application (1.5ms)
Completed 200 OK in 85ms (Views: 82.3ms | ActiveRecord: 0.0ms)


Started GET "/cats/new" for ::1 at 2020-09-04 15:02:10 -0700
Processing by CatsController#new as HTML
  Rendering cats/new.html.erb within layouts/application
  Rendered cats/new.html.erb within layouts/application (0.9ms)
Completed 200 OK in 76ms (Views: 75.6ms | ActiveRecord: 0.0ms)


Started GET "/cats/new" for ::1 at 2020-09-04 15:09:06 -0700
Processing by CatsController#new as HTML
  Rendering cats/new.html.erb within layouts/application
  Rendered cats/new.html.erb within layouts/application (0.6ms)
Completed 200 OK in 57ms (Views: 56.4ms | ActiveRecord: 0.0ms)


Started GET "/cats/new" for ::1 at 2020-09-04 15:11:11 -0700
Processing by CatsController#new as HTML
  Rendering cats/new.html.erb within layouts/application
  Rendered cats/new.html.erb within layouts/application (0.6ms)
Completed 200 OK in 68ms (Views: 66.5ms | ActiveRecord: 0.0ms)


Started GET "/cats/new" for ::1 at 2020-09-04 15:11:14 -0700
Processing by CatsController#new as HTML
  Rendering cats/new.html.erb within layouts/application
  Rendered cats/new.html.erb within layouts/application (0.9ms)
Completed 200 OK in 76ms (Views: 74.8ms | ActiveRecord: 0.0ms)


Started GET "/cats/new" for ::1 at 2020-09-04 15:11:48 -0700
Processing by CatsController#new as HTML
  Rendering cats/new.html.erb within layouts/application
  Rendered cats/new.html.erb within layouts/application (1.1ms)
Completed 200 OK in 61ms (Views: 55.8ms | ActiveRecord: 0.0ms)


Started GET "/cats/new" for ::1 at 2020-09-04 15:12:37 -0700
Processing by CatsController#new as HTML
  Rendering cats/new.html.erb within layouts/application
  Rendered cats/new.html.erb within layouts/application (0.8ms)
Completed 200 OK in 55ms (Views: 54.4ms | ActiveRecord: 0.0ms)


Started GET "/cats/new" for ::1 at 2020-09-04 15:17:42 -0700
Processing by CatsController#new as HTML
  Rendering cats/new.html.erb within layouts/application
  Rendered cats/new.html.erb within layouts/application (3.7ms)
Completed 200 OK in 349ms (Views: 348.4ms | ActiveRecord: 0.0ms)


Started GET "/cats/new" for ::1 at 2020-09-04 15:18:57 -0700
Processing by CatsController#new as HTML
  Rendering cats/new.html.erb within layouts/application
  Rendered cats/new.html.erb within layouts/application (1.1ms)
Completed 200 OK in 65ms (Views: 63.7ms | ActiveRecord: 0.0ms)


Started GET "/cats/new" for ::1 at 2020-09-04 15:19:54 -0700
Processing by CatsController#new as HTML
  Rendering cats/new.html.erb within layouts/application
  Rendered cats/new.html.erb within layouts/application (1.0ms)
Completed 200 OK in 67ms (Views: 64.3ms | ActiveRecord: 0.0ms)


Started GET "/cats/new" for ::1 at 2020-09-04 15:21:04 -0700
Processing by CatsController#new as HTML
  Rendering cats/new.html.erb within layouts/application
  Rendered cats/new.html.erb within layouts/application (0.7ms)
Completed 200 OK in 65ms (Views: 63.1ms | ActiveRecord: 0.0ms)


Started GET "/cats/new" for ::1 at 2020-09-04 15:22:36 -0700
Processing by CatsController#new as HTML
  Rendering cats/new.html.erb within layouts/application
  Rendered cats/new.html.erb within layouts/application (0.9ms)
Completed 200 OK in 61ms (Views: 60.5ms | ActiveRecord: 0.0ms)


Started GET "/cats/new" for ::1 at 2020-09-04 15:26:35 -0700
Processing by CatsController#new as HTML
  Rendering cats/new.html.erb within layouts/application
  Rendered cats/new.html.erb within layouts/application (2.4ms)
Completed 200 OK in 93ms (Views: 92.3ms | ActiveRecord: 0.0ms)


Started GET "/cats/new" for ::1 at 2020-09-04 15:26:53 -0700
Processing by CatsController#new as HTML
  Rendering cats/new.html.erb within layouts/application
  Rendered cats/new.html.erb within layouts/application (1.5ms)
Completed 200 OK in 55ms (Views: 53.9ms | ActiveRecord: 0.0ms)


Started GET "/cats/new" for ::1 at 2020-09-04 15:27:20 -0700
Processing by CatsController#new as HTML
  Rendering cats/new.html.erb within layouts/application
  Rendered cats/new.html.erb within layouts/application (2.4ms)
Completed 200 OK in 67ms (Views: 65.7ms | ActiveRecord: 0.0ms)


Started GET "/cats/new" for ::1 at 2020-09-04 15:27:28 -0700
Processing by CatsController#new as HTML
  Rendering cats/new.html.erb within layouts/application
  Rendered cats/new.html.erb within layouts/application (1.1ms)
Completed 200 OK in 79ms (Views: 77.5ms | ActiveRecord: 0.0ms)


Started GET "/cats/new" for ::1 at 2020-09-04 15:27:34 -0700
Processing by CatsController#new as HTML
  Rendering cats/new.html.erb within layouts/application
  Rendered cats/new.html.erb within layouts/application (1.0ms)
Completed 200 OK in 44ms (Views: 42.6ms | ActiveRecord: 0.0ms)


Started GET "/cats/new" for ::1 at 2020-09-04 15:28:08 -0700
Processing by CatsController#new as HTML
  Rendering cats/new.html.erb within layouts/application
  Rendered cats/new.html.erb within layouts/application (0.9ms)
Completed 200 OK in 71ms (Views: 70.0ms | ActiveRecord: 0.0ms)


Started GET "/cats/new" for ::1 at 2020-09-04 15:29:30 -0700
Processing by CatsController#new as HTML
  Rendering cats/new.html.erb within layouts/application
  Rendered cats/new.html.erb within layouts/application (1.4ms)
Completed 200 OK in 84ms (Views: 82.8ms | ActiveRecord: 0.0ms)


Started POST "/cats" for ::1 at 2020-09-04 15:29:34 -0700

AbstractController::ActionNotFound - The action 'create' could not be found for CatsController:

Started POST "/__better_errors/350ff23e1f25aa13/variables" for ::1 at 2020-09-04 15:29:34 -0700
Started POST "/cats" for ::1 at 2020-09-04 15:29:46 -0700

AbstractController::ActionNotFound - The action 'create' could not be found for CatsController:

Started POST "/__better_errors/32f94e199c728a0b/variables" for ::1 at 2020-09-04 15:29:46 -0700
Started GET "/cats/new" for ::1 at 2020-09-04 15:31:24 -0700
Processing by CatsController#new as HTML
  Rendering cats/new.html.erb within layouts/application
  Rendered cats/new.html.erb within layouts/application (3.7ms)
Completed 200 OK in 287ms (Views: 160.0ms | ActiveRecord: 101.5ms)


Started POST "/cats" for ::1 at 2020-09-04 15:31:47 -0700
Processing by CatsController#create as HTML
  Parameters: {"cat"=>{"name"=>"garfield", "sex"=>"M", "color"=>"orange", "birthdate"=>"2020-09-03", "description"=>"blah blah"}}
Completed 500 Internal Server Error in 1842285ms (ActiveRecord: 0.0ms)



SystemExit - exit:
  (byebug):1:in `create'
  app/controllers/cats_controller.rb:19:in `create'

Started POST "/__better_errors/d5f2e1be4441e7b0/variables" for ::1 at 2020-09-04 16:02:30 -0700
Started GET "/cats" for ::1 at 2020-09-04 16:03:25 -0700
Processing by CatsController#index as HTML
  Rendering cats/index.html.erb within layouts/application
  [1m[36mCat Load (4.4ms)[0m  [1m[34mSELECT "cats".* FROM "cats"[0m
  ↳ app/views/cats/index.html.erb:4
  Rendered cats/index.html.erb within layouts/application (331.5ms)
Completed 200 OK in 1267ms (Views: 1171.5ms | ActiveRecord: 17.3ms)


Started GET "/cats/new" for ::1 at 2020-09-04 16:03:34 -0700
Processing by CatsController#new as HTML
  Rendering cats/new.html.erb within layouts/application
  Rendered cats/new.html.erb within layouts/application (33.6ms)
Completed 200 OK in 1036ms (Views: 1024.7ms | ActiveRecord: 0.0ms)


Started POST "/cats" for ::1 at 2020-09-04 16:03:48 -0700
Processing by CatsController#create as HTML
  Parameters: {"cat"=>{"name"=>"garfield", "sex"=>"M", "color"=>"orange", "birthdate"=>"2020-09-03", "description"=>"i am garfield "}}
  [1m[35m (2.0ms)[0m  [1m[35mBEGIN[0m
  ↳ app/controllers/cats_controller.rb:19
  [1m[36mCat Create (4.4ms)[0m  [1m[32mINSERT INTO "cats" ("birthdate", "color", "name", "sex", "description", "created_at", "updated_at") VALUES ($1, $2, $3, $4, $5, $6, $7) RETURNING "id"[0m  [["birthdate", "2020-09-03"], ["color", "orange"], ["name", "garfield"], ["sex", "M"], ["description", "i am garfield "], ["created_at", "2020-09-04 23:03:48.768519"], ["updated_at", "2020-09-04 23:03:48.768519"]]
  ↳ app/controllers/cats_controller.rb:19
  [1m[35m (15.5ms)[0m  [1m[35mCOMMIT[0m
  ↳ app/controllers/cats_controller.rb:19
Redirected to http://localhost:3000/cats/4
Completed 302 Found in 210ms (ActiveRecord: 21.9ms)


Started GET "/cats/4" for ::1 at 2020-09-04 16:03:48 -0700
Processing by CatsController#show as HTML
  Parameters: {"id"=>"4"}
  [1m[36mCat Load (1.2ms)[0m  [1m[34mSELECT  "cats".* FROM "cats" WHERE "cats"."id" = $1 LIMIT $2[0m  [["id", 4], ["LIMIT", 1]]
  ↳ app/controllers/cats_controller.rb:8
  Rendering cats/show.html.erb within layouts/application
  Rendered cats/show.html.erb within layouts/application (8.2ms)
Completed 200 OK in 1137ms (Views: 1033.0ms | ActiveRecord: 4.5ms)


Started GET "/cats/" for ::1 at 2020-09-04 16:03:58 -0700
Processing by CatsController#index as HTML
  Rendering cats/index.html.erb within layouts/application
  [1m[36mCat Load (22.0ms)[0m  [1m[34mSELECT "cats".* FROM "cats"[0m
  ↳ app/views/cats/index.html.erb:4
  Rendered cats/index.html.erb within layouts/application (132.7ms)
Completed 200 OK in 1202ms (Views: 1129.5ms | ActiveRecord: 22.0ms)


Started GET "/cats/1/edit" for ::1 at 2020-09-04 16:09:34 -0700
Processing by CatsController#edit as HTML
  Parameters: {"id"=>"1"}
  Rendering cats/edit.html.erb within layouts/application
  Rendered cats/edit.html.erb within layouts/application (448.0ms)
Completed 500 Internal Server Error in 519ms (ActiveRecord: 0.0ms)



ActionView::Template::Error - undefined method `name' for nil:NilClass:
  app/views/cats/edit.html.erb:4:in `view template'

Started POST "/__better_errors/7a4a8f87130488e7/variables" for ::1 at 2020-09-04 16:09:35 -0700
Started GET "/cats/1/edit" for ::1 at 2020-09-04 16:10:37 -0700
Processing by CatsController#edit as HTML
  Parameters: {"id"=>"1"}
  [1m[36mCat Load (1.3ms)[0m  [1m[34mSELECT  "cats".* FROM "cats" WHERE "cats"."id" = $1 LIMIT $2[0m  [["id", 1], ["LIMIT", 1]]
  ↳ app/controllers/cats_controller.rb:27
  Rendering cats/edit.html.erb within layouts/application
  Rendered cats/edit.html.erb within layouts/application (19.5ms)
Completed 200 OK in 1645ms (Views: 1220.8ms | ActiveRecord: 31.3ms)


Started GET "/cats/1/edit" for ::1 at 2020-09-04 16:14:25 -0700
Processing by CatsController#edit as HTML
  Parameters: {"id"=>"1"}
  [1m[36mCat Load (3.5ms)[0m  [1m[34mSELECT  "cats".* FROM "cats" WHERE "cats"."id" = $1 LIMIT $2[0m  [["id", 1], ["LIMIT", 1]]
  ↳ app/controllers/cats_controller.rb:27
  Rendering cats/edit.html.erb within layouts/application
  Rendered cats/edit.html.erb within layouts/application (4909.7ms)
Completed 500 Internal Server Error in 5041ms (ActiveRecord: 3.5ms)



ActionView::Template::Error - undefined local variable or method `checked' for #<#<Class:0x00007f8ec8918008>:0x00007f8ec9258c58>
Did you mean?  check_box:
  app/views/cats/edit.html.erb:9:in `view template'
  app/controllers/cats_controller.rb:28:in `edit'

Started POST "/__better_errors/b943f972ab2aa6b8/variables" for ::1 at 2020-09-04 16:14:31 -0700
Started GET "/cats/" for ::1 at 2020-09-04 16:17:15 -0700
Processing by CatsController#index as HTML
  Rendering cats/index.html.erb within layouts/application
  [1m[36mCat Load (1.2ms)[0m  [1m[34mSELECT "cats".* FROM "cats"[0m
  ↳ app/views/cats/index.html.erb:4
  Rendered cats/index.html.erb within layouts/application (102.4ms)
Completed 200 OK in 1345ms (Views: 1319.7ms | ActiveRecord: 1.2ms)


Started GET "/cats/1/edit" for ::1 at 2020-09-04 16:17:19 -0700
Processing by CatsController#edit as HTML
  Parameters: {"id"=>"1"}
  [1m[36mCat Load (6.9ms)[0m  [1m[34mSELECT  "cats".* FROM "cats" WHERE "cats"."id" = $1 LIMIT $2[0m  [["id", 1], ["LIMIT", 1]]
  ↳ app/controllers/cats_controller.rb:27
  Rendering cats/edit.html.erb within layouts/application
  Rendered cats/edit.html.erb within layouts/application (24.5ms)
Completed 200 OK in 836ms (Views: 788.3ms | ActiveRecord: 6.9ms)


Started GET "/cats/1" for ::1 at 2020-09-04 16:17:37 -0700
Processing by CatsController#show as HTML
  Parameters: {"id"=>"1"}
  [1m[36mCat Load (1.3ms)[0m  [1m[34mSELECT  "cats".* FROM "cats" WHERE "cats"."id" = $1 LIMIT $2[0m  [["id", 1], ["LIMIT", 1]]
  ↳ app/controllers/cats_controller.rb:8
  Rendering cats/show.html.erb within layouts/application
  Rendered cats/show.html.erb within layouts/application (4.4ms)
Completed 200 OK in 990ms (Views: 941.2ms | ActiveRecord: 1.3ms)


Started GET "/cats/1/edit" for ::1 at 2020-09-04 16:17:41 -0700
Processing by CatsController#edit as HTML
  Parameters: {"id"=>"1"}
  [1m[36mCat Load (25.1ms)[0m  [1m[34mSELECT  "cats".* FROM "cats" WHERE "cats"."id" = $1 LIMIT $2[0m  [["id", 1], ["LIMIT", 1]]
  ↳ app/controllers/cats_controller.rb:27
  Rendering cats/edit.html.erb within layouts/application
  Rendered cats/edit.html.erb within layouts/application (41.1ms)
Completed 200 OK in 1356ms (Views: 1217.9ms | ActiveRecord: 25.1ms)


Started GET "/cats/1/edit" for ::1 at 2020-09-04 16:19:40 -0700
Processing by CatsController#edit as HTML
  Parameters: {"id"=>"1"}
  [1m[36mCat Load (3.5ms)[0m  [1m[34mSELECT  "cats".* FROM "cats" WHERE "cats"."id" = $1 LIMIT $2[0m  [["id", 1], ["LIMIT", 1]]
  ↳ app/controllers/cats_controller.rb:27
  Rendering cats/edit.html.erb within layouts/application
  Rendered cats/edit.html.erb within layouts/application (102.5ms)
Completed 200 OK in 1303ms (Views: 1228.3ms | ActiveRecord: 3.5ms)


Started GET "/cats/1/edit" for ::1 at 2020-09-04 16:19:44 -0700
Processing by CatsController#edit as HTML
  Parameters: {"id"=>"1"}
  [1m[36mCat Load (1.2ms)[0m  [1m[34mSELECT  "cats".* FROM "cats" WHERE "cats"."id" = $1 LIMIT $2[0m  [["id", 1], ["LIMIT", 1]]
  ↳ app/controllers/cats_controller.rb:27
  Rendering cats/edit.html.erb within layouts/application
  Rendered cats/edit.html.erb within layouts/application (33.1ms)
Completed 200 OK in 1133ms (Views: 1075.5ms | ActiveRecord: 1.2ms)


Started GET "/cats/1/edit" for ::1 at 2020-09-04 16:22:24 -0700
Processing by CatsController#edit as HTML
  Parameters: {"id"=>"1"}
  [1m[36mCat Load (18.0ms)[0m  [1m[34mSELECT  "cats".* FROM "cats" WHERE "cats"."id" = $1 LIMIT $2[0m  [["id", 1], ["LIMIT", 1]]
  ↳ app/controllers/cats_controller.rb:27
  Rendering cats/edit.html.erb within layouts/application
  Rendered cats/edit.html.erb within layouts/application (208.6ms)
Completed 500 Internal Server Error in 326ms (ActiveRecord: 18.0ms)



ActionView::Template::Error - uninitialized constant Cat::SET_COLORS:
  app/views/cats/edit.html.erb:37:in `view template'
  app/controllers/cats_controller.rb:28:in `edit'

Started POST "/__better_errors/af2784b27b284f7a/variables" for ::1 at 2020-09-04 16:22:25 -0700
Started GET "/cats/1/" for ::1 at 2020-09-04 16:22:29 -0700
Processing by CatsController#show as HTML
  Parameters: {"id"=>"1"}
  [1m[36mCat Load (1.1ms)[0m  [1m[34mSELECT  "cats".* FROM "cats" WHERE "cats"."id" = $1 LIMIT $2[0m  [["id", 1], ["LIMIT", 1]]
  ↳ app/controllers/cats_controller.rb:8
  Rendering cats/show.html.erb within layouts/application
  Rendered cats/show.html.erb within layouts/application (21.8ms)
Completed 200 OK in 1821ms (Views: 1717.3ms | ActiveRecord: 1.1ms)


Started GET "/cats/1/edit" for ::1 at 2020-09-04 16:22:38 -0700
Processing by CatsController#edit as HTML
  Parameters: {"id"=>"1"}
  [1m[36mCat Load (5.4ms)[0m  [1m[34mSELECT  "cats".* FROM "cats" WHERE "cats"."id" = $1 LIMIT $2[0m  [["id", 1], ["LIMIT", 1]]
  ↳ app/controllers/cats_controller.rb:27
  Rendering cats/edit.html.erb within layouts/application
  Rendered cats/edit.html.erb within layouts/application (12.7ms)
Completed 200 OK in 930ms (Views: 825.0ms | ActiveRecord: 5.4ms)


Started GET "/cats/1/edit" for ::1 at 2020-09-04 16:24:00 -0700
Processing by CatsController#edit as HTML
  Parameters: {"id"=>"1"}
  [1m[36mCat Load (2.6ms)[0m  [1m[34mSELECT  "cats".* FROM "cats" WHERE "cats"."id" = $1 LIMIT $2[0m  [["id", 1], ["LIMIT", 1]]
  ↳ app/controllers/cats_controller.rb:27
  Rendering cats/edit.html.erb within layouts/application
  Rendered cats/edit.html.erb within layouts/application (23.6ms)
Completed 200 OK in 916ms (Views: 865.6ms | ActiveRecord: 2.6ms)


Started GET "/cats/1" for ::1 at 2020-09-04 16:24:07 -0700
Processing by CatsController#show as HTML
  Parameters: {"id"=>"1"}
  [1m[36mCat Load (1.2ms)[0m  [1m[34mSELECT  "cats".* FROM "cats" WHERE "cats"."id" = $1 LIMIT $2[0m  [["id", 1], ["LIMIT", 1]]
  ↳ app/controllers/cats_controller.rb:8
  Rendering cats/show.html.erb within layouts/application
  Rendered cats/show.html.erb within layouts/application (12.9ms)
Completed 200 OK in 1039ms (Views: 979.0ms | ActiveRecord: 1.2ms)


Started GET "/cats/1/edit" for ::1 at 2020-09-04 16:24:11 -0700
Processing by CatsController#edit as HTML
  Parameters: {"id"=>"1"}
  [1m[36mCat Load (18.3ms)[0m  [1m[34mSELECT  "cats".* FROM "cats" WHERE "cats"."id" = $1 LIMIT $2[0m  [["id", 1], ["LIMIT", 1]]
  ↳ app/controllers/cats_controller.rb:27
  Rendering cats/edit.html.erb within layouts/application
  Rendered cats/edit.html.erb within layouts/application (20.1ms)
Completed 200 OK in 1002ms (Views: 928.4ms | ActiveRecord: 18.3ms)


Started GET "/cats/1/edit" for ::1 at 2020-09-04 16:24:53 -0700
Processing by CatsController#edit as HTML
  Parameters: {"id"=>"1"}
  [1m[36mCat Load (13.9ms)[0m  [1m[34mSELECT  "cats".* FROM "cats" WHERE "cats"."id" = $1 LIMIT $2[0m  [["id", 1], ["LIMIT", 1]]
  ↳ app/controllers/cats_controller.rb:27
  Rendering cats/edit.html.erb within layouts/application
  Rendered cats/edit.html.erb within layouts/application (38.5ms)
Completed 200 OK in 1665ms (Views: 1594.9ms | ActiveRecord: 13.9ms)


Started GET "/cats/1/edit" for ::1 at 2020-09-04 16:25:55 -0700
Processing by CatsController#edit as HTML
  Parameters: {"id"=>"1"}
  [1m[36mCat Load (1.6ms)[0m  [1m[34mSELECT  "cats".* FROM "cats" WHERE "cats"."id" = $1 LIMIT $2[0m  [["id", 1], ["LIMIT", 1]]
  ↳ app/controllers/cats_controller.rb:27
  Rendering cats/edit.html.erb within layouts/application
  Rendered cats/edit.html.erb within layouts/application (15.0ms)
Completed 200 OK in 1011ms (Views: 921.2ms | ActiveRecord: 1.6ms)


Started GET "/cats/1/edit" for ::1 at 2020-09-04 16:26:26 -0700
Processing by CatsController#edit as HTML
  Parameters: {"id"=>"1"}
  [1m[36mCat Load (7.2ms)[0m  [1m[34mSELECT  "cats".* FROM "cats" WHERE "cats"."id" = $1 LIMIT $2[0m  [["id", 1], ["LIMIT", 1]]
  ↳ app/controllers/cats_controller.rb:27
  Rendering cats/edit.html.erb within layouts/application
  Rendered cats/edit.html.erb within layouts/application (26.3ms)
Completed 200 OK in 1050ms (Views: 975.5ms | ActiveRecord: 7.2ms)


Started PATCH "/cats" for ::1 at 2020-09-04 16:26:42 -0700
  
ActionController::RoutingError (No route matches [PATCH] "/cats"):
  
actionpack (5.2.4.3) lib/action_dispatch/middleware/debug_exceptions.rb:65:in `call'
web-console (3.7.0) lib/web_console/middleware.rb:135:in `call_app'
web-console (3.7.0) lib/web_console/middleware.rb:30:in `block in call'
web-console (3.7.0) lib/web_console/middleware.rb:20:in `catch'
web-console (3.7.0) lib/web_console/middleware.rb:20:in `call'
actionpack (5.2.4.3) lib/action_dispatch/middleware/show_exceptions.rb:33:in `call'
railties (5.2.4.3) lib/rails/rack/logger.rb:38:in `call_app'
railties (5.2.4.3) lib/rails/rack/logger.rb:26:in `block in call'
activesupport (5.2.4.3) lib/active_support/tagged_logging.rb:71:in `block in tagged'
activesupport (5.2.4.3) lib/active_support/tagged_logging.rb:28:in `tagged'
activesupport (5.2.4.3) lib/active_support/tagged_logging.rb:71:in `tagged'
railties (5.2.4.3) lib/rails/rack/logger.rb:26:in `call'
sprockets-rails (3.2.1) lib/sprockets/rails/quiet_assets.rb:13:in `call'
actionpack (5.2.4.3) lib/action_dispatch/middleware/remote_ip.rb:81:in `call'
actionpack (5.2.4.3) lib/action_dispatch/middleware/request_id.rb:27:in `call'
rack (2.2.3) lib/rack/method_override.rb:24:in `call'
rack (2.2.3) lib/rack/runtime.rb:22:in `call'
activesupport (5.2.4.3) lib/active_support/cache/strategy/local_cache_middleware.rb:29:in `call'
actionpack (5.2.4.3) lib/action_dispatch/middleware/executor.rb:14:in `call'
actionpack (5.2.4.3) lib/action_dispatch/middleware/static.rb:127:in `call'
rack (2.2.3) lib/rack/sendfile.rb:110:in `call'
railties (5.2.4.3) lib/rails/engine.rb:524:in `call'
puma (3.12.6) lib/puma/configuration.rb:227:in `call'
puma (3.12.6) lib/puma/server.rb:706:in `handle_request'
puma (3.12.6) lib/puma/server.rb:476:in `process_client'
puma (3.12.6) lib/puma/server.rb:334:in `block in run'
puma (3.12.6) lib/puma/thread_pool.rb:135:in `block in spawn_thread'
Started GET "/cats/1/edit" for ::1 at 2020-09-04 16:29:01 -0700
Processing by CatsController#edit as HTML
  Parameters: {"id"=>"1"}
  [1m[36mCat Load (2.5ms)[0m  [1m[34mSELECT  "cats".* FROM "cats" WHERE "cats"."id" = $1 LIMIT $2[0m  [["id", 1], ["LIMIT", 1]]
  ↳ app/controllers/cats_controller.rb:27
  Rendering cats/edit.html.erb within layouts/application
  Rendered cats/edit.html.erb within layouts/application (22.7ms)
Completed 200 OK in 1080ms (Views: 981.5ms | ActiveRecord: 2.5ms)


Started PATCH "/cats/1/edit" for ::1 at 2020-09-04 16:29:14 -0700
  
ActionController::RoutingError (No route matches [PATCH] "/cats/1/edit"):
  
actionpack (5.2.4.3) lib/action_dispatch/middleware/debug_exceptions.rb:65:in `call'
web-console (3.7.0) lib/web_console/middleware.rb:135:in `call_app'
web-console (3.7.0) lib/web_console/middleware.rb:30:in `block in call'
web-console (3.7.0) lib/web_console/middleware.rb:20:in `catch'
web-console (3.7.0) lib/web_console/middleware.rb:20:in `call'
actionpack (5.2.4.3) lib/action_dispatch/middleware/show_exceptions.rb:33:in `call'
railties (5.2.4.3) lib/rails/rack/logger.rb:38:in `call_app'
railties (5.2.4.3) lib/rails/rack/logger.rb:26:in `block in call'
activesupport (5.2.4.3) lib/active_support/tagged_logging.rb:71:in `block in tagged'
activesupport (5.2.4.3) lib/active_support/tagged_logging.rb:28:in `tagged'
activesupport (5.2.4.3) lib/active_support/tagged_logging.rb:71:in `tagged'
railties (5.2.4.3) lib/rails/rack/logger.rb:26:in `call'
sprockets-rails (3.2.1) lib/sprockets/rails/quiet_assets.rb:13:in `call'
actionpack (5.2.4.3) lib/action_dispatch/middleware/remote_ip.rb:81:in `call'
actionpack (5.2.4.3) lib/action_dispatch/middleware/request_id.rb:27:in `call'
rack (2.2.3) lib/rack/method_override.rb:24:in `call'
rack (2.2.3) lib/rack/runtime.rb:22:in `call'
activesupport (5.2.4.3) lib/active_support/cache/strategy/local_cache_middleware.rb:29:in `call'
actionpack (5.2.4.3) lib/action_dispatch/middleware/executor.rb:14:in `call'
actionpack (5.2.4.3) lib/action_dispatch/middleware/static.rb:127:in `call'
rack (2.2.3) lib/rack/sendfile.rb:110:in `call'
railties (5.2.4.3) lib/rails/engine.rb:524:in `call'
puma (3.12.6) lib/puma/configuration.rb:227:in `call'
puma (3.12.6) lib/puma/server.rb:706:in `handle_request'
puma (3.12.6) lib/puma/server.rb:476:in `process_client'
puma (3.12.6) lib/puma/server.rb:334:in `block in run'
puma (3.12.6) lib/puma/thread_pool.rb:135:in `block in spawn_thread'
Started GET "/cats/1/edit" for ::1 at 2020-09-04 16:31:48 -0700
Processing by CatsController#edit as HTML
  Parameters: {"id"=>"1"}
  [1m[36mCat Load (1.3ms)[0m  [1m[34mSELECT  "cats".* FROM "cats" WHERE "cats"."id" = $1 LIMIT $2[0m  [["id", 1], ["LIMIT", 1]]
  ↳ app/controllers/cats_controller.rb:27
  Rendering cats/edit.html.erb within layouts/application
  Rendered cats/edit.html.erb within layouts/application (22.2ms)
Completed 200 OK in 1189ms (Views: 798.5ms | ActiveRecord: 23.1ms)


Started PATCH "/cats/1/edit" for ::1 at 2020-09-04 16:32:03 -0700
  
ActionController::RoutingError (No route matches [PATCH] "/cats/1/edit"):
  
actionpack (5.2.4.3) lib/action_dispatch/middleware/debug_exceptions.rb:65:in `call'
web-console (3.7.0) lib/web_console/middleware.rb:135:in `call_app'
web-console (3.7.0) lib/web_console/middleware.rb:30:in `block in call'
web-console (3.7.0) lib/web_console/middleware.rb:20:in `catch'
web-console (3.7.0) lib/web_console/middleware.rb:20:in `call'
actionpack (5.2.4.3) lib/action_dispatch/middleware/show_exceptions.rb:33:in `call'
railties (5.2.4.3) lib/rails/rack/logger.rb:38:in `call_app'
railties (5.2.4.3) lib/rails/rack/logger.rb:26:in `block in call'
activesupport (5.2.4.3) lib/active_support/tagged_logging.rb:71:in `block in tagged'
activesupport (5.2.4.3) lib/active_support/tagged_logging.rb:28:in `tagged'
activesupport (5.2.4.3) lib/active_support/tagged_logging.rb:71:in `tagged'
railties (5.2.4.3) lib/rails/rack/logger.rb:26:in `call'
sprockets-rails (3.2.1) lib/sprockets/rails/quiet_assets.rb:13:in `call'
actionpack (5.2.4.3) lib/action_dispatch/middleware/remote_ip.rb:81:in `call'
actionpack (5.2.4.3) lib/action_dispatch/middleware/request_id.rb:27:in `call'
rack (2.2.3) lib/rack/method_override.rb:24:in `call'
rack (2.2.3) lib/rack/runtime.rb:22:in `call'
activesupport (5.2.4.3) lib/active_support/cache/strategy/local_cache_middleware.rb:29:in `call'
actionpack (5.2.4.3) lib/action_dispatch/middleware/executor.rb:14:in `call'
actionpack (5.2.4.3) lib/action_dispatch/middleware/static.rb:127:in `call'
rack (2.2.3) lib/rack/sendfile.rb:110:in `call'
railties (5.2.4.3) lib/rails/engine.rb:524:in `call'
puma (3.12.6) lib/puma/configuration.rb:227:in `call'
puma (3.12.6) lib/puma/server.rb:706:in `handle_request'
puma (3.12.6) lib/puma/server.rb:476:in `process_client'
puma (3.12.6) lib/puma/server.rb:334:in `block in run'
puma (3.12.6) lib/puma/thread_pool.rb:135:in `block in spawn_thread'
Started GET "/cats/1/edit" for ::1 at 2020-09-04 16:34:21 -0700
Processing by CatsController#edit as HTML
  Parameters: {"id"=>"1"}
  [1m[36mCat Load (27.5ms)[0m  [1m[34mSELECT  "cats".* FROM "cats" WHERE "cats"."id" = $1 LIMIT $2[0m  [["id", 1], ["LIMIT", 1]]
  ↳ app/controllers/cats_controller.rb:27
  Rendering cats/edit.html.erb within layouts/application
  Rendered cats/edit.html.erb within layouts/application (4973.1ms)
Completed 500 Internal Server Error in 5315ms (ActiveRecord: 27.5ms)



ActionView::Template::Error - undefined local variable or method `cat' for #<#<Class:0x00007f8ec91f0ef0>:0x00007f8ec751b050>
Did you mean?  @cat:
  app/views/cats/edit.html.erb:1:in `view template'
  app/controllers/cats_controller.rb:28:in `edit'

Started POST "/__better_errors/d3c00ac0413ee249/variables" for ::1 at 2020-09-04 16:34:27 -0700
Started GET "/cats/1/" for ::1 at 2020-09-04 16:34:34 -0700
Processing by CatsController#show as HTML
  Parameters: {"id"=>"1"}
  [1m[36mCat Load (1.9ms)[0m  [1m[34mSELECT  "cats".* FROM "cats" WHERE "cats"."id" = $1 LIMIT $2[0m  [["id", 1], ["LIMIT", 1]]
  ↳ app/controllers/cats_controller.rb:8
  Rendering cats/show.html.erb within layouts/application
  Rendered cats/show.html.erb within layouts/application (19.8ms)
Completed 200 OK in 1215ms (Views: 1093.0ms | ActiveRecord: 1.9ms)


Started GET "/cats/1/edit" for ::1 at 2020-09-04 16:34:38 -0700
Processing by CatsController#edit as HTML
  Parameters: {"id"=>"1"}
  [1m[36mCat Load (19.9ms)[0m  [1m[34mSELECT  "cats".* FROM "cats" WHERE "cats"."id" = $1 LIMIT $2[0m  [["id", 1], ["LIMIT", 1]]
  ↳ app/controllers/cats_controller.rb:27
  Rendering cats/edit.html.erb within layouts/application
  Rendered cats/edit.html.erb within layouts/application (2957.8ms)
Completed 500 Internal Server Error in 3146ms (ActiveRecord: 19.9ms)



ActionView::Template::Error - undefined local variable or method `cat' for #<#<Class:0x00007f8ec91f0ef0>:0x00007f8ec923bef0>
Did you mean?  @cat:
  app/views/cats/edit.html.erb:1:in `view template'
  app/controllers/cats_controller.rb:28:in `edit'

Started POST "/__better_errors/3af48a824f36d349/variables" for ::1 at 2020-09-04 16:34:52 -0700
Started GET "/cats/1/edit" for ::1 at 2020-09-04 16:34:53 -0700
Processing by CatsController#edit as HTML
  Parameters: {"id"=>"1"}
  [1m[36mCat Load (71.8ms)[0m  [1m[34mSELECT  "cats".* FROM "cats" WHERE "cats"."id" = $1 LIMIT $2[0m  [["id", 1], ["LIMIT", 1]]
  ↳ app/controllers/cats_controller.rb:27
  Rendering cats/edit.html.erb within layouts/application
  Rendered cats/edit.html.erb within layouts/application (68.0ms)
Completed 200 OK in 1064ms (Views: 887.8ms | ActiveRecord: 71.8ms)


Started PATCH "/cats/1" for ::1 at 2020-09-04 16:35:02 -0700
Processing by CatsController#update as HTML
  Parameters: {"cat"=>{"name"=>"Peter", "sex"=>"F", "color"=>"orange", "birthdate"=>"2020-08-25", "description"=>"i am a acat"}, "id"=>"1"}
  [1m[36mCat Load (1.7ms)[0m  [1m[34mSELECT  "cats".* FROM "cats" WHERE "cats"."id" = $1 LIMIT $2[0m  [["id", 1], ["LIMIT", 1]]
  ↳ app/controllers/cats_controller.rb:32
  [1m[35m (2.0ms)[0m  [1m[35mBEGIN[0m
  ↳ app/controllers/cats_controller.rb:33
  [1m[36mCat Update (2.5ms)[0m  [1m[33mUPDATE "cats" SET "color" = $1, "sex" = $2, "description" = $3, "updated_at" = $4 WHERE "cats"."id" = $5[0m  [["color", "orange"], ["sex", "F"], ["description", "i am a acat"], ["updated_at", "2020-09-04 23:35:03.433182"], ["id", 1]]
  ↳ app/controllers/cats_controller.rb:33
  [1m[35m (29.5ms)[0m  [1m[35mCOMMIT[0m
  ↳ app/controllers/cats_controller.rb:33
Redirected to http://localhost:3000/cats/1
Completed 302 Found in 705ms (ActiveRecord: 35.7ms)


Started GET "/cats/1" for ::1 at 2020-09-04 16:35:03 -0700
Processing by CatsController#show as HTML
  Parameters: {"id"=>"1"}
  [1m[36mCat Load (2.4ms)[0m  [1m[34mSELECT  "cats".* FROM "cats" WHERE "cats"."id" = $1 LIMIT $2[0m  [["id", 1], ["LIMIT", 1]]
  ↳ app/controllers/cats_controller.rb:8
  Rendering cats/show.html.erb within layouts/application
  Rendered cats/show.html.erb within layouts/application (49.2ms)
Completed 200 OK in 1174ms (Views: 1033.5ms | ActiveRecord: 13.7ms)


Started GET "/cats/" for ::1 at 2020-09-04 16:35:10 -0700
Processing by CatsController#index as HTML
  Rendering cats/index.html.erb within layouts/application
  [1m[36mCat Load (3.7ms)[0m  [1m[34mSELECT "cats".* FROM "cats"[0m
  ↳ app/views/cats/index.html.erb:4
  Rendered cats/index.html.erb within layouts/application (188.0ms)
Completed 200 OK in 1377ms (Views: 1359.0ms | ActiveRecord: 3.7ms)


Started GET "/cats/" for ::1 at 2020-09-04 16:49:58 -0700
Processing by CatsController#index as HTML
  Rendering cats/index.html.erb within layouts/application
  [1m[36mCat Load (8.0ms)[0m  [1m[34mSELECT "cats".* FROM "cats"[0m
  ↳ app/views/cats/index.html.erb:4
  Rendered cats/index.html.erb within layouts/application (208.1ms)
Completed 200 OK in 1688ms (Views: 1644.5ms | ActiveRecord: 8.0ms)


Started GET "/cats/new" for ::1 at 2020-09-04 16:50:03 -0700
Processing by CatsController#new as HTML
  Rendering cats/new.html.erb within layouts/application
  Rendered cats/_form.html.erb (65.9ms)
  Rendered cats/new.html.erb within layouts/application (202.1ms)
Completed 200 OK in 1440ms (Views: 1420.2ms | ActiveRecord: 0.0ms)


Started POST "/cats" for ::1 at 2020-09-04 16:50:46 -0700
Processing by CatsController#create as HTML
  Parameters: {"cat"=>{"name"=>"fluffy", "sex"=>"F", "color"=>"green", "birthdate"=>"2020-09-16", "description"=>"dafsdfasd"}}
  [1m[35m (1.2ms)[0m  [1m[35mBEGIN[0m
  ↳ app/controllers/cats_controller.rb:19
  [1m[36mCat Create (1.7ms)[0m  [1m[32mINSERT INTO "cats" ("birthdate", "color", "name", "sex", "description", "created_at", "updated_at") VALUES ($1, $2, $3, $4, $5, $6, $7) RETURNING "id"[0m  [["birthdate", "2020-09-16"], ["color", "green"], ["name", "fluffy"], ["sex", "F"], ["description", "dafsdfasd"], ["created_at", "2020-09-04 23:50:46.517861"], ["updated_at", "2020-09-04 23:50:46.517861"]]
  ↳ app/controllers/cats_controller.rb:19
  [1m[35m (12.9ms)[0m  [1m[35mCOMMIT[0m
  ↳ app/controllers/cats_controller.rb:19
Redirected to http://localhost:3000/cats/5
Completed 302 Found in 549ms (ActiveRecord: 15.8ms)


Started GET "/cats/5" for ::1 at 2020-09-04 16:50:47 -0700
Processing by CatsController#show as HTML
  Parameters: {"id"=>"5"}
  [1m[36mCat Load (2.0ms)[0m  [1m[34mSELECT  "cats".* FROM "cats" WHERE "cats"."id" = $1 LIMIT $2[0m  [["id", 5], ["LIMIT", 1]]
  ↳ app/controllers/cats_controller.rb:8
  Rendering cats/show.html.erb within layouts/application
  Rendered cats/show.html.erb within layouts/application (10.3ms)
Completed 200 OK in 1042ms (Views: 899.2ms | ActiveRecord: 3.2ms)


Started GET "/cats/" for ::1 at 2020-09-04 16:50:53 -0700
Processing by CatsController#index as HTML
  Rendering cats/index.html.erb within layouts/application
  [1m[36mCat Load (1.6ms)[0m  [1m[34mSELECT "cats".* FROM "cats"[0m
  ↳ app/views/cats/index.html.erb:4
  Rendered cats/index.html.erb within layouts/application (235.4ms)
Completed 200 OK in 1495ms (Views: 1410.5ms | ActiveRecord: 1.6ms)


Started GET "/cats/5/edit" for ::1 at 2020-09-04 16:50:58 -0700
Processing by CatsController#edit as HTML
  Parameters: {"id"=>"5"}
  [1m[36mCat Load (11.6ms)[0m  [1m[34mSELECT  "cats".* FROM "cats" WHERE "cats"."id" = $1 LIMIT $2[0m  [["id", 5], ["LIMIT", 1]]
  ↳ app/controllers/cats_controller.rb:27
  Rendering cats/edit.html.erb within layouts/application
  Rendered cats/_form.html.erb (52.9ms)
  Rendered cats/edit.html.erb within layouts/application (74.6ms)
Completed 200 OK in 1081ms (Views: 946.5ms | ActiveRecord: 11.6ms)


Started PATCH "/cats/5" for ::1 at 2020-09-04 16:51:15 -0700
Processing by CatsController#update as HTML
  Parameters: {"cat"=>{"name"=>"fluffy", "sex"=>"M", "color"=>"yellow", "birthdate"=>"2020-09-01", "description"=>"dafsdfasd"}, "id"=>"5"}
  [1m[36mCat Load (6.0ms)[0m  [1m[34mSELECT  "cats".* FROM "cats" WHERE "cats"."id" = $1 LIMIT $2[0m  [["id", 5], ["LIMIT", 1]]
  ↳ app/controllers/cats_controller.rb:32
  [1m[35m (8.1ms)[0m  [1m[35mBEGIN[0m
  ↳ app/controllers/cats_controller.rb:33
  [1m[36mCat Update (1.7ms)[0m  [1m[33mUPDATE "cats" SET "birthdate" = $1, "color" = $2, "sex" = $3, "updated_at" = $4 WHERE "cats"."id" = $5[0m  [["birthdate", "2020-09-01"], ["color", "yellow"], ["sex", "M"], ["updated_at", "2020-09-04 23:51:15.708681"], ["id", 5]]
  ↳ app/controllers/cats_controller.rb:33
  [1m[35m (7.5ms)[0m  [1m[35mCOMMIT[0m
  ↳ app/controllers/cats_controller.rb:33
Redirected to http://localhost:3000/cats/5
Completed 302 Found in 590ms (ActiveRecord: 23.4ms)


Started GET "/cats/5" for ::1 at 2020-09-04 16:51:16 -0700
Processing by CatsController#show as HTML
  Parameters: {"id"=>"5"}
  [1m[36mCat Load (27.6ms)[0m  [1m[34mSELECT  "cats".* FROM "cats" WHERE "cats"."id" = $1 LIMIT $2[0m  [["id", 5], ["LIMIT", 1]]
  ↳ app/controllers/cats_controller.rb:8
  Rendering cats/show.html.erb within layouts/application
  Rendered cats/show.html.erb within layouts/application (30.3ms)
Completed 200 OK in 1110ms (Views: 978.9ms | ActiveRecord: 27.6ms)


Started GET "/cats/" for ::1 at 2020-09-04 16:51:24 -0700
Processing by CatsController#index as HTML
  Rendering cats/index.html.erb within layouts/application
  [1m[36mCat Load (2.4ms)[0m  [1m[34mSELECT "cats".* FROM "cats"[0m
  ↳ app/views/cats/index.html.erb:4
  Rendered cats/index.html.erb within layouts/application (274.8ms)
Completed 200 OK in 1440ms (Views: 1411.2ms | ActiveRecord: 2.4ms)


Started GET "/cats/new" for ::1 at 2020-09-04 16:51:57 -0700
Processing by CatsController#new as HTML
  Rendering cats/new.html.erb within layouts/application
  Rendered cats/_form.html.erb (31.0ms)
  Rendered cats/new.html.erb within layouts/application (90.8ms)
Completed 200 OK in 1205ms (Views: 1139.5ms | ActiveRecord: 0.0ms)


Started GET "/cats/new" for ::1 at 2020-09-04 16:52:19 -0700
Processing by CatsController#new as HTML
  Rendering cats/new.html.erb within layouts/application
  Rendered cats/_form.html.erb (44.0ms)
  Rendered cats/new.html.erb within layouts/application (149.8ms)
Completed 200 OK in 1077ms (Views: 1052.4ms | ActiveRecord: 0.0ms)


Started GET "/cats/new" for ::1 at 2020-09-04 16:52:23 -0700
Processing by CatsController#new as HTML
  Rendering cats/new.html.erb within layouts/application
  Rendered cats/_form.html.erb (40.4ms)
  Rendered cats/new.html.erb within layouts/application (118.2ms)
Completed 200 OK in 1195ms (Views: 1167.6ms | ActiveRecord: 0.0ms)


Started GET "/cats/1/edit" for ::1 at 2020-09-04 16:52:27 -0700
Processing by CatsController#edit as HTML
  Parameters: {"id"=>"1"}
  [1m[36mCat Load (3.9ms)[0m  [1m[34mSELECT  "cats".* FROM "cats" WHERE "cats"."id" = $1 LIMIT $2[0m  [["id", 1], ["LIMIT", 1]]
  ↳ app/controllers/cats_controller.rb:27
  Rendering cats/edit.html.erb within layouts/application
  Rendered cats/_form.html.erb (41.8ms)
  Rendered cats/edit.html.erb within layouts/application (83.9ms)
Completed 200 OK in 1225ms (Views: 1006.7ms | ActiveRecord: 3.9ms)


Started GET "/cats/1/edit" for ::1 at 2020-09-04 16:52:45 -0700
Processing by CatsController#edit as HTML
  Parameters: {"id"=>"1"}
  [1m[36mCat Load (1.9ms)[0m  [1m[34mSELECT  "cats".* FROM "cats" WHERE "cats"."id" = $1 LIMIT $2[0m  [["id", 1], ["LIMIT", 1]]
  ↳ app/controllers/cats_controller.rb:27
  Rendering cats/edit.html.erb within layouts/application
  Rendered cats/_form.html.erb (41.0ms)
  Rendered cats/edit.html.erb within layouts/application (178.2ms)
Completed 200 OK in 1895ms (Views: 1635.4ms | ActiveRecord: 1.9ms)


Started GET "/cats/1/edit" for ::1 at 2020-09-04 16:53:16 -0700
Processing by CatsController#edit as HTML
  Parameters: {"id"=>"1"}
  [1m[36mCat Load (3.7ms)[0m  [1m[34mSELECT  "cats".* FROM "cats" WHERE "cats"."id" = $1 LIMIT $2[0m  [["id", 1], ["LIMIT", 1]]
  ↳ app/controllers/cats_controller.rb:27
  Rendering cats/edit.html.erb within layouts/application
  Rendered cats/_form.html.erb (152.9ms)
  Rendered cats/edit.html.erb within layouts/application (200.8ms)
Completed 200 OK in 1304ms (Views: 1127.2ms | ActiveRecord: 3.7ms)


Started GET "/cats/1/edit" for ::1 at 2020-09-04 16:54:11 -0700
Processing by CatsController#edit as HTML
  Parameters: {"id"=>"1"}
  [1m[36mCat Load (2.9ms)[0m  [1m[34mSELECT  "cats".* FROM "cats" WHERE "cats"."id" = $1 LIMIT $2[0m  [["id", 1], ["LIMIT", 1]]
  ↳ app/controllers/cats_controller.rb:27
  Rendering cats/edit.html.erb within layouts/application
  Rendered cats/_form.html.erb (53.1ms)
  Rendered cats/edit.html.erb within layouts/application (188.1ms)
Completed 200 OK in 1262ms (Views: 1092.5ms | ActiveRecord: 2.9ms)


Started GET "/cats/1/new" for ::1 at 2020-09-04 16:54:54 -0700
  
ActionController::RoutingError (No route matches [GET] "/cats/1/new"):
  
actionpack (5.2.4.3) lib/action_dispatch/middleware/debug_exceptions.rb:65:in `call'
web-console (3.7.0) lib/web_console/middleware.rb:135:in `call_app'
web-console (3.7.0) lib/web_console/middleware.rb:30:in `block in call'
web-console (3.7.0) lib/web_console/middleware.rb:20:in `catch'
web-console (3.7.0) lib/web_console/middleware.rb:20:in `call'
actionpack (5.2.4.3) lib/action_dispatch/middleware/show_exceptions.rb:33:in `call'
railties (5.2.4.3) lib/rails/rack/logger.rb:38:in `call_app'
railties (5.2.4.3) lib/rails/rack/logger.rb:26:in `block in call'
activesupport (5.2.4.3) lib/active_support/tagged_logging.rb:71:in `block in tagged'
activesupport (5.2.4.3) lib/active_support/tagged_logging.rb:28:in `tagged'
activesupport (5.2.4.3) lib/active_support/tagged_logging.rb:71:in `tagged'
railties (5.2.4.3) lib/rails/rack/logger.rb:26:in `call'
sprockets-rails (3.2.1) lib/sprockets/rails/quiet_assets.rb:13:in `call'
actionpack (5.2.4.3) lib/action_dispatch/middleware/remote_ip.rb:81:in `call'
actionpack (5.2.4.3) lib/action_dispatch/middleware/request_id.rb:27:in `call'
rack (2.2.3) lib/rack/method_override.rb:24:in `call'
rack (2.2.3) lib/rack/runtime.rb:22:in `call'
activesupport (5.2.4.3) lib/active_support/cache/strategy/local_cache_middleware.rb:29:in `call'
actionpack (5.2.4.3) lib/action_dispatch/middleware/executor.rb:14:in `call'
actionpack (5.2.4.3) lib/action_dispatch/middleware/static.rb:127:in `call'
rack (2.2.3) lib/rack/sendfile.rb:110:in `call'
railties (5.2.4.3) lib/rails/engine.rb:524:in `call'
puma (3.12.6) lib/puma/configuration.rb:227:in `call'
puma (3.12.6) lib/puma/server.rb:706:in `handle_request'
puma (3.12.6) lib/puma/server.rb:476:in `process_client'
puma (3.12.6) lib/puma/server.rb:334:in `block in run'
puma (3.12.6) lib/puma/thread_pool.rb:135:in `block in spawn_thread'
Started GET "/cats/new" for ::1 at 2020-09-04 16:55:03 -0700
Processing by CatsController#new as HTML
  Rendering cats/new.html.erb within layouts/application
  Rendered cats/_form.html.erb (59.5ms)
  Rendered cats/new.html.erb within layouts/application (95.5ms)
Completed 200 OK in 1439ms (Views: 1398.3ms | ActiveRecord: 0.0ms)


Started GET "/cats/new" for ::1 at 2020-09-04 16:55:24 -0700
Processing by CatsController#new as HTML
  Rendering cats/new.html.erb within layouts/application
  Rendered cats/_form.html.erb (33.2ms)
  Rendered cats/new.html.erb within layouts/application (134.5ms)
Completed 200 OK in 1478ms (Views: 1431.3ms | ActiveRecord: 0.0ms)


Started GET "/cats/1/edit" for ::1 at 2020-09-04 16:55:35 -0700
Processing by CatsController#edit as HTML
  Parameters: {"id"=>"1"}
  [1m[36mCat Load (1.2ms)[0m  [1m[34mSELECT  "cats".* FROM "cats" WHERE "cats"."id" = $1 LIMIT $2[0m  [["id", 1], ["LIMIT", 1]]
  ↳ app/controllers/cats_controller.rb:27
  Rendering cats/edit.html.erb within layouts/application
  Rendered cats/_form.html.erb (50.7ms)
  Rendered cats/edit.html.erb within layouts/application (98.9ms)
Completed 200 OK in 2065ms (Views: 1888.1ms | ActiveRecord: 1.2ms)


