  [1m[35m (3990.5ms)[0m  [1m[35mCREATE DATABASE "music_app_development" ENCODING = 'unicode'[0m
  ↳ bin/rails:9
  [1m[35m (4104.7ms)[0m  [1m[35mCREATE DATABASE "music_app_test" ENCODING = 'unicode'[0m
  ↳ bin/rails:9
  [1m[35m (92.0ms)[0m  [1m[35mCREATE TABLE "schema_migrations" ("version" character varying NOT NULL PRIMARY KEY)[0m
  ↳ bin/rails:9
  [1m[35m (27.8ms)[0m  [1m[35mCREATE TABLE "ar_internal_metadata" ("key" character varying NOT NULL PRIMARY KEY, "value" character varying, "created_at" timestamp NOT NULL, "updated_at" timestamp NOT NULL)[0m
  ↳ bin/rails:9
  [1m[35m (0.6ms)[0m  [1m[34mSELECT pg_try_advisory_lock(4505726345591715405)[0m
  ↳ bin/rails:9
  [1m[35m (6.8ms)[0m  [1m[34mSELECT "schema_migrations"."version" FROM "schema_migrations" ORDER BY "schema_migrations"."version" ASC[0m
  ↳ bin/rails:9
Migrating to CreateUsers (20200909174549)
  [1m[35m (0.2ms)[0m  [1m[35mBEGIN[0m
  ↳ bin/rails:9
  [1m[35m (47.1ms)[0m  [1m[35mCREATE TABLE "users" ("id" bigserial primary key, "email" character varying NOT NULL, "password_digest" character varying NOT NULL, "session_token" character varying, "created_at" timestamp NOT NULL, "updated_at" timestamp NOT NULL)[0m
  ↳ db/migrate/20200909174549_create_users.rb:3
  [1m[35m (12.2ms)[0m  [1m[35mCREATE UNIQUE INDEX  "index_users_on_email" ON "users"  ("email")[0m
  ↳ db/migrate/20200909174549_create_users.rb:10
  [1m[35m (15.9ms)[0m  [1m[35mCREATE UNIQUE INDEX  "index_users_on_session_token" ON "users"  ("session_token")[0m
  ↳ db/migrate/20200909174549_create_users.rb:11
  [1m[36mActiveRecord::SchemaMigration Create (5.9ms)[0m  [1m[32mINSERT INTO "schema_migrations" ("version") VALUES ($1) RETURNING "version"[0m  [["version", "20200909174549"]]
  ↳ bin/rails:9
  [1m[35m (13.2ms)[0m  [1m[35mCOMMIT[0m
  ↳ bin/rails:9
  [1m[36mActiveRecord::InternalMetadata Load (9.0ms)[0m  [1m[34mSELECT  "ar_internal_metadata".* FROM "ar_internal_metadata" WHERE "ar_internal_metadata"."key" = $1 LIMIT $2[0m  [["key", "environment"], ["LIMIT", 1]]
  ↳ bin/rails:9
  [1m[35m (0.2ms)[0m  [1m[35mBEGIN[0m
  ↳ bin/rails:9
  [1m[36mActiveRecord::InternalMetadata Create (1.7ms)[0m  [1m[32mINSERT INTO "ar_internal_metadata" ("key", "value", "created_at", "updated_at") VALUES ($1, $2, $3, $4) RETURNING "key"[0m  [["key", "environment"], ["value", "development"], ["created_at", "2020-09-09 17:49:45.700669"], ["updated_at", "2020-09-09 17:49:45.700669"]]
  ↳ bin/rails:9
  [1m[35m (7.9ms)[0m  [1m[35mCOMMIT[0m
  ↳ bin/rails:9
  [1m[35m (0.4ms)[0m  [1m[34mSELECT pg_advisory_unlock(4505726345591715405)[0m
  ↳ bin/rails:9
  [1m[35m (0.7ms)[0m  [1m[34mSELECT "schema_migrations"."version" FROM "schema_migrations" ORDER BY "schema_migrations"."version" ASC[0m
  ↳ bin/rails:9
  [1m[35m (8.4ms)[0m  [1m[34mSELECT "schema_migrations"."version" FROM "schema_migrations" ORDER BY "schema_migrations"."version" ASC[0m
  ↳ /home/nathan/.rbenv/versions/2.5.1/bin/annotate:23
Started GET "/users/new" for ::1 at 2020-09-09 12:09:57 -0700
  [1m[35m (18.2ms)[0m  [1m[34mSELECT "schema_migrations"."version" FROM "schema_migrations" ORDER BY "schema_migrations"."version" ASC[0m
  ↳ /home/nathan/.rbenv/versions/2.5.1/lib/ruby/gems/2.5.0/gems/activerecord-5.2.4.3/lib/active_record/log_subscriber.rb:98
Processing by UsersController#new as HTML
Completed 500 Internal Server Error in 179ms (ActiveRecord: 67.9ms)



ActionView::MissingTemplate - Missing template users/new, application/new with {:locale=>[:en], :formats=>[:html], :variants=>[], :handlers=>[:raw, :erb, :html, :builder, :ruby, :coffee, :jbuilder]}. Searched in:
  * "/mnt/c/Users/natey/desktop/app_academy_local/w7/w7d2/music_app/app/views"
:
  app/controllers/users_controller.rb:6:in `new'

Started POST "/__better_errors/11dce5666ec51010/variables" for ::1 at 2020-09-09 12:09:58 -0700
Started GET "/users/new" for ::1 at 2020-09-09 12:13:29 -0700
Processing by UsersController#new as HTML
  Rendering users/new.html.erb within layouts/application
  Rendered users/new.html.erb within layouts/application (50.8ms)
Completed 500 Internal Server Error in 7815ms (ActiveRecord: 0.0ms)



ActionView::Template::Error - undefined method `logged_in?' for #<#<Class:0x00007fffbfcfa370>:0x00007fffbefddea8>
Did you mean?  logger?:
  app/views/layouts/application.html.erb:14:in `view template'
  app/controllers/users_controller.rb:6:in `new'

Started POST "/__better_errors/43acd1abb39f75d8/variables" for ::1 at 2020-09-09 12:13:37 -0700
Started GET "/users/new" for ::1 at 2020-09-09 12:14:10 -0700
Processing by UsersController#new as HTML
  Rendering users/new.html.erb within layouts/application
  Rendered users/new.html.erb within layouts/application (1.0ms)
Completed 500 Internal Server Error in 159ms (ActiveRecord: 6.0ms)



ActionView::Template::Error - undefined method `[]' for nil:NilClass:
  app/views/layouts/application.html.erb:14:in `view template'
  app/controllers/users_controller.rb:6:in `new'

Started POST "/__better_errors/569bc3901029e5f5/variables" for ::1 at 2020-09-09 12:14:10 -0700
Started GET "/users/new" for ::1 at 2020-09-09 12:14:14 -0700
Processing by UsersController#new as HTML
  Rendering users/new.html.erb within layouts/application
  Rendered users/new.html.erb within layouts/application (4.1ms)
Completed 500 Internal Server Error in 108ms (ActiveRecord: 0.0ms)



ActionView::Template::Error - undefined method `[]' for nil:NilClass:
  app/views/layouts/application.html.erb:14:in `view template'
  app/controllers/users_controller.rb:6:in `new'

Started POST "/__better_errors/96223f7cd07ffa48/variables" for ::1 at 2020-09-09 12:14:15 -0700
Started POST "/__better_errors/96223f7cd07ffa48/variables" for ::1 at 2020-09-09 12:15:33 -0700
Started GET "/users/new" for ::1 at 2020-09-09 12:17:54 -0700
Processing by UsersController#new as HTML
  Rendering users/new.html.erb within layouts/application
  Rendered users/new.html.erb within layouts/application (4.0ms)
Completed 500 Internal Server Error in 148ms (ActiveRecord: 0.0ms)



ActionView::Template::Error - undefined method `[]' for nil:NilClass:
  app/views/layouts/application.html.erb:14:in `view template'
  app/controllers/users_controller.rb:6:in `new'

Started POST "/__better_errors/1f97f11aa48c1c5e/variables" for ::1 at 2020-09-09 12:17:54 -0700
Started GET "/users/new" for ::1 at 2020-09-09 12:17:57 -0700
Processing by UsersController#new as HTML
  Rendering users/new.html.erb within layouts/application
  Rendered users/new.html.erb within layouts/application (5.7ms)
Completed 500 Internal Server Error in 102ms (ActiveRecord: 0.0ms)



ActionView::Template::Error - undefined method `[]' for nil:NilClass:
  app/views/layouts/application.html.erb:14:in `view template'
  app/controllers/users_controller.rb:6:in `new'

Started POST "/__better_errors/385ff01b0c6d1d7c/variables" for ::1 at 2020-09-09 12:17:57 -0700
Started POST "/__better_errors/385ff01b0c6d1d7c/variables" for ::1 at 2020-09-09 12:19:05 -0700
Started POST "/__better_errors/385ff01b0c6d1d7c/eval" for ::1 at 2020-09-09 12:19:47 -0700
Started GET "/users/new" for ::1 at 2020-09-09 13:49:25 -0700
Processing by UsersController#new as HTML
  Rendering users/new.html.erb within layouts/application
  Rendered users/new.html.erb within layouts/application (2.9ms)
  [1m[36mUser Load (110.1ms)[0m  [1m[34mSELECT  "users".* FROM "users" WHERE "users"."session_token" IS NULL LIMIT $1[0m  [["LIMIT", 1]]
  ↳ app/controllers/application_controller.rb:7
Completed 200 OK in 338ms (Views: 150.4ms | ActiveRecord: 157.9ms)


Started POST "/users" for ::1 at 2020-09-09 13:49:34 -0700
Processing by UsersController#create as HTML
  Parameters: {"authenticity_token"=>"vHhvpVFIZBmOSLL3Uc05FQF45JvS0GzcKr2i+Wx5BMUK5/EMpouoEdCbFH+gHph3JdSc0+K7Am07D/Xc1zfKrQ==", "user"=>{"email"=>"test@test.com"}}
  [1m[35m (4.8ms)[0m  [1m[35mBEGIN[0m
  ↳ app/controllers/users_controller.rb:15
  [1m[36mUser Exists (5.9ms)[0m  [1m[34mSELECT  1 AS one FROM "users" WHERE "users"."email" = $1 LIMIT $2[0m  [["email", "test@test.com"], ["LIMIT", 1]]
  ↳ app/controllers/users_controller.rb:15
  [1m[36mUser Exists (0.8ms)[0m  [1m[34mSELECT  1 AS one FROM "users" WHERE "users"."session_token" = $1 LIMIT $2[0m  [["session_token", "_UFWDdnz3JvFxVQmBqHK2w"], ["LIMIT", 1]]
  ↳ app/controllers/users_controller.rb:15
  [1m[35m (63.3ms)[0m  [1m[31mROLLBACK[0m
  ↳ app/controllers/users_controller.rb:15
Completed 500 Internal Server Error in 1353ms (ActiveRecord: 74.9ms)



NoMethodError - undefined method `password' for #<User:0x00007f0c6df8a680>
Did you mean?  password=:
  app/controllers/users_controller.rb:15:in `create'

Started POST "/__better_errors/e94da61b9423b2cf/variables" for ::1 at 2020-09-09 13:49:36 -0700
Started GET "/users/new" for ::1 at 2020-09-09 13:50:32 -0700
Processing by UsersController#new as HTML
  Rendering users/new.html.erb within layouts/application
  Rendered users/new.html.erb within layouts/application (1.9ms)
  [1m[36mUser Load (0.5ms)[0m  [1m[34mSELECT  "users".* FROM "users" WHERE "users"."session_token" IS NULL LIMIT $1[0m  [["LIMIT", 1]]
  ↳ app/controllers/application_controller.rb:7
Completed 200 OK in 123ms (Views: 86.4ms | ActiveRecord: 22.2ms)


Started POST "/users" for ::1 at 2020-09-09 13:50:36 -0700
Processing by UsersController#create as HTML
  Parameters: {"authenticity_token"=>"BHTCq0frrIM4T+uO94uD017ZbIGHnJ8+qc9mgqW/FGuy61wCsChgi2acTQYGWCKxenUUybf38Y+4fTGnHvHaAw==", "user"=>{"email"=>"test@test.com"}}
  [1m[35m (0.2ms)[0m  [1m[35mBEGIN[0m
  ↳ app/controllers/users_controller.rb:15
  [1m[36mUser Exists (1.5ms)[0m  [1m[34mSELECT  1 AS one FROM "users" WHERE "users"."email" = $1 LIMIT $2[0m  [["email", "test@test.com"], ["LIMIT", 1]]
  ↳ app/controllers/users_controller.rb:15
  [1m[36mUser Exists (0.6ms)[0m  [1m[34mSELECT  1 AS one FROM "users" WHERE "users"."session_token" = $1 LIMIT $2[0m  [["session_token", "HPuf10m1ArfkykNNmGTaFA"], ["LIMIT", 1]]
  ↳ app/controllers/users_controller.rb:15
  [1m[35m (0.6ms)[0m  [1m[31mROLLBACK[0m
  ↳ app/controllers/users_controller.rb:15
Completed 500 Internal Server Error in 42ms (ActiveRecord: 3.0ms)



NoMethodError - undefined method `password' for #<User:0x00007f0c6d1ccb88>
Did you mean?  password=:
  app/controllers/users_controller.rb:15:in `create'

Started POST "/__better_errors/cf61403c34db708c/variables" for ::1 at 2020-09-09 13:50:36 -0700
Started POST "/__better_errors/cf61403c34db708c/eval" for ::1 at 2020-09-09 13:50:46 -0700
Started GET "/users/new" for ::1 at 2020-09-09 13:51:05 -0700
Processing by UsersController#new as HTML
  Rendering users/new.html.erb within layouts/application
  Rendered users/new.html.erb within layouts/application (1.5ms)
  [1m[36mUser Load (0.3ms)[0m  [1m[34mSELECT  "users".* FROM "users" WHERE "users"."session_token" IS NULL LIMIT $1[0m  [["LIMIT", 1]]
  ↳ app/controllers/application_controller.rb:7
Completed 200 OK in 101ms (Views: 99.2ms | ActiveRecord: 0.3ms)


Started GET "/users/new" for ::1 at 2020-09-09 13:51:12 -0700
Processing by UsersController#new as HTML
  Rendering users/new.html.erb within layouts/application
  Rendered users/new.html.erb within layouts/application (1.1ms)
  [1m[36mUser Load (1.1ms)[0m  [1m[34mSELECT  "users".* FROM "users" WHERE "users"."session_token" IS NULL LIMIT $1[0m  [["LIMIT", 1]]
  ↳ app/controllers/application_controller.rb:7
Completed 200 OK in 84ms (Views: 79.9ms | ActiveRecord: 1.1ms)


Started GET "/users/new" for ::1 at 2020-09-09 13:51:13 -0700
Processing by UsersController#new as HTML
  Rendering users/new.html.erb within layouts/application
  Rendered users/new.html.erb within layouts/application (1.2ms)
  [1m[36mUser Load (0.5ms)[0m  [1m[34mSELECT  "users".* FROM "users" WHERE "users"."session_token" IS NULL LIMIT $1[0m  [["LIMIT", 1]]
  ↳ app/controllers/application_controller.rb:7
Completed 200 OK in 89ms (Views: 87.5ms | ActiveRecord: 0.5ms)


Started GET "/users/new" for ::1 at 2020-09-09 13:51:14 -0700
Processing by UsersController#new as HTML
  Rendering users/new.html.erb within layouts/application
  Rendered users/new.html.erb within layouts/application (1.4ms)
Started GET "/users/new" for ::1 at 2020-09-09 13:51:14 -0700
Processing by UsersController#new as HTML
  Rendering users/new.html.erb within layouts/application
  Rendered users/new.html.erb within layouts/application (0.7ms)
  [1m[36mUser Load (0.5ms)[0m  [1m[34mSELECT  "users".* FROM "users" WHERE "users"."session_token" IS NULL LIMIT $1[0m  [["LIMIT", 1]]
  ↳ app/controllers/application_controller.rb:7
Completed 200 OK in 217ms (Views: 214.5ms | ActiveRecord: 0.5ms)


  [1m[36mUser Load (1.8ms)[0m  [1m[34mSELECT  "users".* FROM "users" WHERE "users"."session_token" IS NULL LIMIT $1[0m  [["LIMIT", 1]]
  ↳ app/controllers/application_controller.rb:7
Completed 200 OK in 105ms (Views: 94.9ms | ActiveRecord: 9.0ms)


Started GET "/users/new" for ::1 at 2020-09-09 13:51:15 -0700
Processing by UsersController#new as HTML
  Rendering users/new.html.erb within layouts/application
  Rendered users/new.html.erb within layouts/application (1.0ms)
  [1m[36mUser Load (0.4ms)[0m  [1m[34mSELECT  "users".* FROM "users" WHERE "users"."session_token" IS NULL LIMIT $1[0m  [["LIMIT", 1]]
  ↳ app/controllers/application_controller.rb:7
Completed 200 OK in 111ms (Views: 108.2ms | ActiveRecord: 0.4ms)


Started GET "/users/new" for ::1 at 2020-09-09 13:51:16 -0700
Processing by UsersController#new as HTML
  Rendering users/new.html.erb within layouts/application
  Rendered users/new.html.erb within layouts/application (1.5ms)
  [1m[36mUser Load (74.6ms)[0m  [1m[34mSELECT  "users".* FROM "users" WHERE "users"."session_token" IS NULL LIMIT $1[0m  [["LIMIT", 1]]
  ↳ app/controllers/application_controller.rb:7
Completed 200 OK in 193ms (Views: 117.1ms | ActiveRecord: 74.6ms)


Started GET "/users/new" for ::1 at 2020-09-09 13:52:55 -0700
Processing by UsersController#new as HTML
  Rendering users/new.html.erb within layouts/application
  Rendered users/new.html.erb within layouts/application (1.1ms)
  [1m[36mUser Load (0.4ms)[0m  [1m[34mSELECT  "users".* FROM "users" WHERE "users"."session_token" IS NULL LIMIT $1[0m  [["LIMIT", 1]]
  ↳ app/controllers/application_controller.rb:7
Completed 200 OK in 88ms (Views: 86.9ms | ActiveRecord: 0.4ms)


Started POST "/users" for ::1 at 2020-09-09 13:53:02 -0700
Processing by UsersController#create as HTML
  Parameters: {"authenticity_token"=>"H2F1px7t1H3sS6PY/fdtq8eCxD4fdJIqLf9/5Xk+SL2p/usO6S4YdbKYBVAMJMzJ4y68di8f/Js8TSjAwnCG1Q==", "user"=>{"email"=>"test@test.com", "password"=>"[FILTERED]"}}
  [1m[35m (0.2ms)[0m  [1m[35mBEGIN[0m
  ↳ app/controllers/users_controller.rb:15
  [1m[36mUser Exists (4.6ms)[0m  [1m[34mSELECT  1 AS one FROM "users" WHERE "users"."email" = $1 LIMIT $2[0m  [["email", "test@test.com"], ["LIMIT", 1]]
  ↳ app/controllers/users_controller.rb:15
  [1m[36mUser Exists (6.3ms)[0m  [1m[34mSELECT  1 AS one FROM "users" WHERE "users"."session_token" = $1 LIMIT $2[0m  [["session_token", "qUtGdfq-0Edbu6PCKdd4nA"], ["LIMIT", 1]]
  ↳ app/controllers/users_controller.rb:15
  [1m[35m (7.2ms)[0m  [1m[31mROLLBACK[0m
  ↳ app/controllers/users_controller.rb:15
Completed 500 Internal Server Error in 363ms (ActiveRecord: 18.3ms)



NoMethodError - undefined method `password' for #<User:0x00007f0c6ea40de0>
Did you mean?  password=:
  app/controllers/users_controller.rb:15:in `create'

Started POST "/__better_errors/3b3712cc6b5bb620/variables" for ::1 at 2020-09-09 13:53:03 -0700
Started POST "/__better_errors/3b3712cc6b5bb620/eval" for ::1 at 2020-09-09 13:53:15 -0700
Started GET "/users/new" for ::1 at 2020-09-09 13:55:54 -0700
Processing by UsersController#new as HTML
  Rendering users/new.html.erb within layouts/application
  Rendered users/new.html.erb within layouts/application (1.5ms)
  [1m[36mUser Load (0.5ms)[0m  [1m[34mSELECT  "users".* FROM "users" WHERE "users"."session_token" IS NULL LIMIT $1[0m  [["LIMIT", 1]]
  ↳ app/controllers/application_controller.rb:7
Completed 200 OK in 91ms (Views: 70.4ms | ActiveRecord: 0.5ms)


Started POST "/users" for ::1 at 2020-09-09 13:56:02 -0700
Processing by UsersController#create as HTML
  Parameters: {"authenticity_token"=>"KydF7g3rZhqlngUbg2FFhdLgoj6obxWN2Hgzc2/8FceduNtH+iiqEvtNo5NysuTn9kzadpgEezzJymRW1LLbrw==", "user"=>{"email"=>"test@test", "password"=>"[FILTERED]"}}
  [1m[35m (0.3ms)[0m  [1m[35mBEGIN[0m
  ↳ app/controllers/users_controller.rb:15
  [1m[36mUser Exists (0.7ms)[0m  [1m[34mSELECT  1 AS one FROM "users" WHERE "users"."email" = $1 LIMIT $2[0m  [["email", "test@test"], ["LIMIT", 1]]
  ↳ app/controllers/users_controller.rb:15
  [1m[36mUser Exists (0.7ms)[0m  [1m[34mSELECT  1 AS one FROM "users" WHERE "users"."session_token" = $1 LIMIT $2[0m  [["session_token", "5dAIA03FTo7f5-nq9bNwOA"], ["LIMIT", 1]]
  ↳ app/controllers/users_controller.rb:15
  [1m[36mUser Create (31.8ms)[0m  [1m[32mINSERT INTO "users" ("email", "password_digest", "session_token", "created_at", "updated_at") VALUES ($1, $2, $3, $4, $5) RETURNING "id"[0m  [["email", "test@test"], ["password_digest", "$2a$12$o3Sy3ctnOzcddngvf9lsNO0NsPeY3LOdmXyF5tlUkPpd7bToYU9km"], ["session_token", "5dAIA03FTo7f5-nq9bNwOA"], ["created_at", "2020-09-09 20:56:02.815735"], ["updated_at", "2020-09-09 20:56:02.815735"]]
  ↳ app/controllers/users_controller.rb:15
  [1m[35m (35.2ms)[0m  [1m[35mCOMMIT[0m
  ↳ app/controllers/users_controller.rb:15
  [1m[35m (1.1ms)[0m  [1m[35mBEGIN[0m
  ↳ app/models/user.rb:25
  [1m[36mUser Exists (11.8ms)[0m  [1m[34mSELECT  1 AS one FROM "users" WHERE "users"."email" = $1 AND "users"."id" != $2 LIMIT $3[0m  [["email", "test@test"], ["id", 1], ["LIMIT", 1]]
  ↳ app/models/user.rb:25
  [1m[36mUser Exists (5.7ms)[0m  [1m[34mSELECT  1 AS one FROM "users" WHERE "users"."session_token" = $1 AND "users"."id" != $2 LIMIT $3[0m  [["session_token", "j7Rzxejv7Lhfh1z-DtcZIg"], ["id", 1], ["LIMIT", 1]]
  ↳ app/models/user.rb:25
  [1m[36mUser Update (8.6ms)[0m  [1m[33mUPDATE "users" SET "session_token" = $1, "updated_at" = $2 WHERE "users"."id" = $3[0m  [["session_token", "j7Rzxejv7Lhfh1z-DtcZIg"], ["updated_at", "2020-09-09 20:56:02.919617"], ["id", 1]]
  ↳ app/models/user.rb:25
  [1m[35m (21.2ms)[0m  [1m[35mCOMMIT[0m
  ↳ app/models/user.rb:25
Redirected to http://localhost:3000/users/1
Completed 302 Found in 440ms (ActiveRecord: 117.0ms)


Started GET "/users/1" for ::1 at 2020-09-09 13:56:02 -0700
Processing by UsersController#show as HTML
  Parameters: {"id"=>"1"}
  [1m[36mUser Load (1.3ms)[0m  [1m[34mSELECT  "users".* FROM "users" WHERE "users"."id" = $1 LIMIT $2[0m  [["id", 1], ["LIMIT", 1]]
  ↳ app/controllers/users_controller.rb:25
  Rendering users/show.html.erb within layouts/application
  Rendered users/show.html.erb within layouts/application (0.6ms)
  [1m[36mUser Load (1.9ms)[0m  [1m[34mSELECT  "users".* FROM "users" WHERE "users"."session_token" = $1 LIMIT $2[0m  [["session_token", "j7Rzxejv7Lhfh1z-DtcZIg"], ["LIMIT", 1]]
  ↳ app/controllers/application_controller.rb:7
Completed 500 Internal Server Error in 255ms (ActiveRecord: 3.2ms)



ActionView::Template::Error - undefined method `username' for #<User:0x00007f0c7054e5d8>:
  app/views/layouts/application.html.erb:15:in `view template'
  app/controllers/users_controller.rb:26:in `show'

Started POST "/__better_errors/4fb79956f379ee1f/variables" for ::1 at 2020-09-09 13:56:03 -0700
Started GET "/users/1" for ::1 at 2020-09-09 13:56:37 -0700
Processing by UsersController#show as HTML
  Parameters: {"id"=>"1"}
  [1m[36mUser Load (0.6ms)[0m  [1m[34mSELECT  "users".* FROM "users" WHERE "users"."id" = $1 LIMIT $2[0m  [["id", 1], ["LIMIT", 1]]
  ↳ app/controllers/users_controller.rb:25
  Rendering users/show.html.erb within layouts/application
  Rendered users/show.html.erb within layouts/application (0.7ms)
  [1m[36mUser Load (0.4ms)[0m  [1m[34mSELECT  "users".* FROM "users" WHERE "users"."session_token" = $1 LIMIT $2[0m  [["session_token", "j7Rzxejv7Lhfh1z-DtcZIg"], ["LIMIT", 1]]
  ↳ app/controllers/application_controller.rb:7
Completed 200 OK in 103ms (Views: 99.5ms | ActiveRecord: 0.9ms)


Started DELETE "/session" for ::1 at 2020-09-09 13:56:49 -0700
Processing by SessionsController#destroy as HTML
  Parameters: {"authenticity_token"=>"qHOtWOIEwDoGDdM4pZw1Je26oPXnYSepAsMW6frqfJce7DPxFccMMljedbBUT5RHyRbYvdcKSRgTcUHMQaSy/w=="}
  [1m[36mUser Load (6.4ms)[0m  [1m[34mSELECT  "users".* FROM "users" WHERE "users"."session_token" = $1 LIMIT $2[0m  [["session_token", "j7Rzxejv7Lhfh1z-DtcZIg"], ["LIMIT", 1]]
  ↳ app/controllers/application_controller.rb:7
  [1m[35m (0.3ms)[0m  [1m[35mBEGIN[0m
  ↳ app/models/user.rb:25
  [1m[36mUser Exists (1.1ms)[0m  [1m[34mSELECT  1 AS one FROM "users" WHERE "users"."email" = $1 AND "users"."id" != $2 LIMIT $3[0m  [["email", "test@test"], ["id", 1], ["LIMIT", 1]]
  ↳ app/models/user.rb:25
  [1m[36mUser Exists (1.5ms)[0m  [1m[34mSELECT  1 AS one FROM "users" WHERE "users"."session_token" = $1 AND "users"."id" != $2 LIMIT $3[0m  [["session_token", "NIwT2P5kt9dYtIi2meAZyg"], ["id", 1], ["LIMIT", 1]]
  ↳ app/models/user.rb:25
  [1m[36mUser Update (1.1ms)[0m  [1m[33mUPDATE "users" SET "session_token" = $1, "updated_at" = $2 WHERE "users"."id" = $3[0m  [["session_token", "NIwT2P5kt9dYtIi2meAZyg"], ["updated_at", "2020-09-09 20:56:50.020404"], ["id", 1]]
  ↳ app/models/user.rb:25
  [1m[35m (13.2ms)[0m  [1m[35mCOMMIT[0m
  ↳ app/models/user.rb:25
Redirected to http://localhost:3000/session/new
Completed 302 Found in 45ms (ActiveRecord: 23.6ms)


Started GET "/session/new" for ::1 at 2020-09-09 13:56:50 -0700
Processing by SessionsController#new as HTML
Completed 500 Internal Server Error in 9ms (ActiveRecord: 0.0ms)



ActionView::MissingTemplate - Missing template sessions/new, application/new with {:locale=>[:en], :formats=>[:html], :variants=>[], :handlers=>[:raw, :erb, :html, :builder, :ruby, :coffee, :jbuilder]}. Searched in:
  * "/mnt/c/Users/natey/desktop/app_academy_local/w7/w7d2/music_app/app/views"
:
  app/controllers/sessions_controller.rb:4:in `new'

Started POST "/__better_errors/7b0ff239c716af99/variables" for ::1 at 2020-09-09 13:56:50 -0700
Started GET "/session/new" for ::1 at 2020-09-09 13:57:22 -0700
Processing by SessionsController#new as HTML
  Rendering sessions/new.html.erb within layouts/application
  Rendered sessions/new.html.erb within layouts/application (0.4ms)
  [1m[36mUser Load (0.4ms)[0m  [1m[34mSELECT  "users".* FROM "users" WHERE "users"."session_token" IS NULL LIMIT $1[0m  [["LIMIT", 1]]
  ↳ app/controllers/application_controller.rb:7
Completed 200 OK in 96ms (Views: 95.1ms | ActiveRecord: 0.4ms)


Started GET "/session/new" for ::1 at 2020-09-09 13:57:25 -0700
Processing by SessionsController#new as HTML
  Rendering sessions/new.html.erb within layouts/application
  Rendered sessions/new.html.erb within layouts/application (1.0ms)
  [1m[36mUser Load (0.3ms)[0m  [1m[34mSELECT  "users".* FROM "users" WHERE "users"."session_token" IS NULL LIMIT $1[0m  [["LIMIT", 1]]
  ↳ app/controllers/application_controller.rb:7
Completed 200 OK in 81ms (Views: 79.4ms | ActiveRecord: 0.3ms)


Started GET "/session/new" for ::1 at 2020-09-09 13:57:25 -0700
Processing by SessionsController#new as HTML
  Rendering sessions/new.html.erb within layouts/application
  Rendered sessions/new.html.erb within layouts/application (0.8ms)
  [1m[36mUser Load (0.3ms)[0m  [1m[34mSELECT  "users".* FROM "users" WHERE "users"."session_token" IS NULL LIMIT $1[0m  [["LIMIT", 1]]
  ↳ app/controllers/application_controller.rb:7
Completed 200 OK in 77ms (Views: 75.9ms | ActiveRecord: 0.3ms)


Started GET "/session/new" for ::1 at 2020-09-09 13:57:26 -0700
Processing by SessionsController#new as HTML
  Rendering sessions/new.html.erb within layouts/application
  Rendered sessions/new.html.erb within layouts/application (1.2ms)
  [1m[36mUser Load (2.0ms)[0m  [1m[34mSELECT  "users".* FROM "users" WHERE "users"."session_token" IS NULL LIMIT $1[0m  [["LIMIT", 1]]
  ↳ app/controllers/application_controller.rb:7
Completed 200 OK in 74ms (Views: 71.6ms | ActiveRecord: 2.0ms)


Started GET "/session/new" for ::1 at 2020-09-09 13:58:55 -0700
Processing by SessionsController#new as HTML
  Rendering sessions/new.html.erb within layouts/application
  Rendered sessions/new.html.erb within layouts/application (1.1ms)
  [1m[36mUser Load (3.1ms)[0m  [1m[34mSELECT  "users".* FROM "users" WHERE "users"."session_token" IS NULL LIMIT $1[0m  [["LIMIT", 1]]
  ↳ app/controllers/application_controller.rb:7
Completed 200 OK in 128ms (Views: 123.6ms | ActiveRecord: 3.1ms)


Started GET "/session/new" for ::1 at 2020-09-09 13:59:12 -0700
Processing by SessionsController#new as HTML
  Rendering sessions/new.html.erb within layouts/application
  Rendered sessions/new.html.erb within layouts/application (1.2ms)
  [1m[36mUser Load (0.6ms)[0m  [1m[34mSELECT  "users".* FROM "users" WHERE "users"."session_token" IS NULL LIMIT $1[0m  [["LIMIT", 1]]
  ↳ app/controllers/application_controller.rb:7
Completed 200 OK in 84ms (Views: 83.0ms | ActiveRecord: 0.6ms)


Started POST "/session" for ::1 at 2020-09-09 13:59:18 -0700
Processing by SessionsController#create as HTML
  Parameters: {"authenticity_token"=>"iRrABCQ9JPg0l/IoFl5Cb641uoV8v5tyXooV1WV+nFU/hV6t0/7o8GpEVKDnjeMNipnCzUzU9cNPOELw3jBSPQ==", "user"=>{"email"=>"test@test", "password"=>"[FILTERED]"}}
  [1m[36mUser Load (41.1ms)[0m  [1m[34mSELECT  "users".* FROM "users" WHERE "users"."email" = $1 LIMIT $2[0m  [["email", "test@test"], ["LIMIT", 1]]
  ↳ app/models/user.rb:34
  [1m[35m (0.3ms)[0m  [1m[35mBEGIN[0m
  ↳ app/models/user.rb:25
  [1m[36mUser Exists (1.1ms)[0m  [1m[34mSELECT  1 AS one FROM "users" WHERE "users"."email" = $1 AND "users"."id" != $2 LIMIT $3[0m  [["email", "test@test"], ["id", 1], ["LIMIT", 1]]
  ↳ app/models/user.rb:25
  [1m[36mUser Exists (0.8ms)[0m  [1m[34mSELECT  1 AS one FROM "users" WHERE "users"."session_token" = $1 AND "users"."id" != $2 LIMIT $3[0m  [["session_token", "nf-1h68Pye-Ve_JuBb7MPA"], ["id", 1], ["LIMIT", 1]]
  ↳ app/models/user.rb:25
  [1m[36mUser Update (1.3ms)[0m  [1m[33mUPDATE "users" SET "session_token" = $1, "updated_at" = $2 WHERE "users"."id" = $3[0m  [["session_token", "nf-1h68Pye-Ve_JuBb7MPA"], ["updated_at", "2020-09-09 20:59:18.968853"], ["id", 1]]
  ↳ app/models/user.rb:25
  [1m[35m (29.3ms)[0m  [1m[35mCOMMIT[0m
  ↳ app/models/user.rb:25
Redirected to http://localhost:3000/users/1
Completed 302 Found in 378ms (ActiveRecord: 74.1ms)


Started GET "/users/1" for ::1 at 2020-09-09 13:59:19 -0700
Processing by UsersController#show as HTML
  Parameters: {"id"=>"1"}
  [1m[36mUser Load (0.5ms)[0m  [1m[34mSELECT  "users".* FROM "users" WHERE "users"."id" = $1 LIMIT $2[0m  [["id", 1], ["LIMIT", 1]]
  ↳ app/controllers/users_controller.rb:25
  Rendering users/show.html.erb within layouts/application
  Rendered users/show.html.erb within layouts/application (0.8ms)
  [1m[36mUser Load (0.5ms)[0m  [1m[34mSELECT  "users".* FROM "users" WHERE "users"."session_token" = $1 LIMIT $2[0m  [["session_token", "nf-1h68Pye-Ve_JuBb7MPA"], ["LIMIT", 1]]
  ↳ app/controllers/application_controller.rb:7
Completed 200 OK in 126ms (Views: 122.6ms | ActiveRecord: 1.0ms)


Started DELETE "/session" for ::1 at 2020-09-09 13:59:25 -0700
Processing by SessionsController#destroy as HTML
  Parameters: {"authenticity_token"=>"XJPJkdGC2OIRD8s8e8JzAhYjR5EpN4C0E9rFSLEKMnvqDFc4JkEU6k/cbbSKEdJgMo8/2Rlc7gUCaJJtCkT8Ew=="}
  [1m[36mUser Load (0.4ms)[0m  [1m[34mSELECT  "users".* FROM "users" WHERE "users"."session_token" = $1 LIMIT $2[0m  [["session_token", "nf-1h68Pye-Ve_JuBb7MPA"], ["LIMIT", 1]]
  ↳ app/controllers/application_controller.rb:7
  [1m[35m (0.3ms)[0m  [1m[35mBEGIN[0m
  ↳ app/models/user.rb:25
  [1m[36mUser Exists (1.6ms)[0m  [1m[34mSELECT  1 AS one FROM "users" WHERE "users"."email" = $1 AND "users"."id" != $2 LIMIT $3[0m  [["email", "test@test"], ["id", 1], ["LIMIT", 1]]
  ↳ app/models/user.rb:25
  [1m[36mUser Exists (3.2ms)[0m  [1m[34mSELECT  1 AS one FROM "users" WHERE "users"."session_token" = $1 AND "users"."id" != $2 LIMIT $3[0m  [["session_token", "lloJwn6KPT1R2m1wSKYNaQ"], ["id", 1], ["LIMIT", 1]]
  ↳ app/models/user.rb:25
  [1m[36mUser Update (12.0ms)[0m  [1m[33mUPDATE "users" SET "session_token" = $1, "updated_at" = $2 WHERE "users"."id" = $3[0m  [["session_token", "lloJwn6KPT1R2m1wSKYNaQ"], ["updated_at", "2020-09-09 20:59:25.872110"], ["id", 1]]
  ↳ app/models/user.rb:25
  [1m[35m (13.6ms)[0m  [1m[35mCOMMIT[0m
  ↳ app/models/user.rb:25
Redirected to http://localhost:3000/session/new
Completed 302 Found in 46ms (ActiveRecord: 31.2ms)


Started GET "/session/new" for ::1 at 2020-09-09 13:59:25 -0700
Processing by SessionsController#new as HTML
  Rendering sessions/new.html.erb within layouts/application
  Rendered sessions/new.html.erb within layouts/application (1.4ms)
  [1m[36mUser Load (0.4ms)[0m  [1m[34mSELECT  "users".* FROM "users" WHERE "users"."session_token" IS NULL LIMIT $1[0m  [["LIMIT", 1]]
  ↳ app/controllers/application_controller.rb:7
Completed 200 OK in 78ms (Views: 77.0ms | ActiveRecord: 0.4ms)


Started GET "/users/new" for ::1 at 2020-09-09 13:59:59 -0700
Processing by UsersController#new as HTML
  Rendering users/new.html.erb within layouts/application
  Rendered users/new.html.erb within layouts/application (1.0ms)
  [1m[36mUser Load (0.5ms)[0m  [1m[34mSELECT  "users".* FROM "users" WHERE "users"."session_token" IS NULL LIMIT $1[0m  [["LIMIT", 1]]
  ↳ app/controllers/application_controller.rb:7
Completed 200 OK in 77ms (Views: 75.3ms | ActiveRecord: 0.5ms)


Started GET "/session/new" for ::1 at 2020-09-09 14:00:00 -0700
Processing by SessionsController#new as HTML
  Rendering sessions/new.html.erb within layouts/application
  Rendered sessions/new.html.erb within layouts/application (1.1ms)
  [1m[36mUser Load (0.7ms)[0m  [1m[34mSELECT  "users".* FROM "users" WHERE "users"."session_token" IS NULL LIMIT $1[0m  [["LIMIT", 1]]
  ↳ app/controllers/application_controller.rb:7
Completed 200 OK in 115ms (Views: 112.7ms | ActiveRecord: 0.7ms)


Started GET "/users/new" for ::1 at 2020-09-09 14:00:01 -0700
Processing by UsersController#new as HTML
  Rendering users/new.html.erb within layouts/application
  Rendered users/new.html.erb within layouts/application (1.0ms)
  [1m[36mUser Load (0.9ms)[0m  [1m[34mSELECT  "users".* FROM "users" WHERE "users"."session_token" IS NULL LIMIT $1[0m  [["LIMIT", 1]]
  ↳ app/controllers/application_controller.rb:7
Completed 200 OK in 74ms (Views: 71.8ms | ActiveRecord: 0.9ms)


Started GET "/session/new" for ::1 at 2020-09-09 14:00:02 -0700
Processing by SessionsController#new as HTML
  Rendering sessions/new.html.erb within layouts/application
  Rendered sessions/new.html.erb within layouts/application (1.4ms)
  [1m[36mUser Load (0.3ms)[0m  [1m[34mSELECT  "users".* FROM "users" WHERE "users"."session_token" IS NULL LIMIT $1[0m  [["LIMIT", 1]]
  ↳ app/controllers/application_controller.rb:7
Completed 200 OK in 73ms (Views: 71.1ms | ActiveRecord: 0.3ms)


Started GET "/users/new" for ::1 at 2020-09-09 14:00:02 -0700
Processing by UsersController#new as HTML
  Rendering users/new.html.erb within layouts/application
  Rendered users/new.html.erb within layouts/application (1.3ms)
  [1m[36mUser Load (0.5ms)[0m  [1m[34mSELECT  "users".* FROM "users" WHERE "users"."session_token" IS NULL LIMIT $1[0m  [["LIMIT", 1]]
  ↳ app/controllers/application_controller.rb:7
Completed 200 OK in 74ms (Views: 72.1ms | ActiveRecord: 0.5ms)


Started GET "/session/new" for ::1 at 2020-09-09 14:00:03 -0700
Processing by SessionsController#new as HTML
  Rendering sessions/new.html.erb within layouts/application
  Rendered sessions/new.html.erb within layouts/application (1.1ms)
  [1m[36mUser Load (0.3ms)[0m  [1m[34mSELECT  "users".* FROM "users" WHERE "users"."session_token" IS NULL LIMIT $1[0m  [["LIMIT", 1]]
  ↳ app/controllers/application_controller.rb:7
Completed 200 OK in 441ms (Views: 439.4ms | ActiveRecord: 0.3ms)


Started GET "/users/new" for ::1 at 2020-09-09 14:00:04 -0700
Processing by UsersController#new as HTML
  Rendering users/new.html.erb within layouts/application
  Rendered users/new.html.erb within layouts/application (0.9ms)
  [1m[36mUser Load (6.2ms)[0m  [1m[34mSELECT  "users".* FROM "users" WHERE "users"."session_token" IS NULL LIMIT $1[0m  [["LIMIT", 1]]
  ↳ app/controllers/application_controller.rb:7
Completed 200 OK in 224ms (Views: 216.6ms | ActiveRecord: 6.2ms)


Started GET "/users/new" for ::1 at 2020-09-09 14:00:17 -0700
Processing by UsersController#new as HTML
  Rendering users/new.html.erb within layouts/application
  Rendered users/new.html.erb within layouts/application (1.5ms)
  [1m[36mUser Load (0.3ms)[0m  [1m[34mSELECT  "users".* FROM "users" WHERE "users"."session_token" IS NULL LIMIT $1[0m  [["LIMIT", 1]]
  ↳ app/controllers/application_controller.rb:7
Completed 200 OK in 87ms (Views: 85.8ms | ActiveRecord: 0.3ms)


Started GET "/session/new" for ::1 at 2020-09-09 14:00:20 -0700
Processing by SessionsController#new as HTML
  Rendering sessions/new.html.erb within layouts/application
  Rendered sessions/new.html.erb within layouts/application (1.0ms)
  [1m[36mUser Load (2.1ms)[0m  [1m[34mSELECT  "users".* FROM "users" WHERE "users"."session_token" IS NULL LIMIT $1[0m  [["LIMIT", 1]]
  ↳ app/controllers/application_controller.rb:7
Completed 200 OK in 78ms (Views: 74.4ms | ActiveRecord: 2.1ms)


Started GET "/users/new" for ::1 at 2020-09-09 14:00:21 -0700
Processing by UsersController#new as HTML
  Rendering users/new.html.erb within layouts/application
  Rendered users/new.html.erb within layouts/application (1.0ms)
  [1m[36mUser Load (0.3ms)[0m  [1m[34mSELECT  "users".* FROM "users" WHERE "users"."session_token" IS NULL LIMIT $1[0m  [["LIMIT", 1]]
  ↳ app/controllers/application_controller.rb:7
Completed 200 OK in 80ms (Views: 78.3ms | ActiveRecord: 0.3ms)


Started GET "/users/new" for ::1 at 2020-09-09 14:00:32 -0700
Processing by UsersController#new as HTML
  Rendering users/new.html.erb within layouts/application
  Rendered users/new.html.erb within layouts/application (4.4ms)
  [1m[36mUser Load (0.3ms)[0m  [1m[34mSELECT  "users".* FROM "users" WHERE "users"."session_token" IS NULL LIMIT $1[0m  [["LIMIT", 1]]
  ↳ app/controllers/application_controller.rb:7
Completed 200 OK in 93ms (Views: 92.1ms | ActiveRecord: 0.3ms)


Started GET "/session/new" for ::1 at 2020-09-09 14:00:34 -0700
Processing by SessionsController#new as HTML
  Rendering sessions/new.html.erb within layouts/application
  Rendered sessions/new.html.erb within layouts/application (2.2ms)
  [1m[36mUser Load (0.3ms)[0m  [1m[34mSELECT  "users".* FROM "users" WHERE "users"."session_token" IS NULL LIMIT $1[0m  [["LIMIT", 1]]
  ↳ app/controllers/application_controller.rb:7
Completed 200 OK in 98ms (Views: 88.6ms | ActiveRecord: 0.3ms)


Started GET "/users/new" for ::1 at 2020-09-09 14:00:35 -0700
Processing by UsersController#new as HTML
  Rendering users/new.html.erb within layouts/application
  Rendered users/new.html.erb within layouts/application (1.0ms)
  [1m[36mUser Load (0.3ms)[0m  [1m[34mSELECT  "users".* FROM "users" WHERE "users"."session_token" IS NULL LIMIT $1[0m  [["LIMIT", 1]]
  ↳ app/controllers/application_controller.rb:7
Completed 200 OK in 81ms (Views: 79.5ms | ActiveRecord: 0.3ms)


Started GET "/session/new" for ::1 at 2020-09-09 14:00:37 -0700
Processing by SessionsController#new as HTML
  Rendering sessions/new.html.erb within layouts/application
  Rendered sessions/new.html.erb within layouts/application (4.7ms)
  [1m[36mUser Load (1.3ms)[0m  [1m[34mSELECT  "users".* FROM "users" WHERE "users"."session_token" IS NULL LIMIT $1[0m  [["LIMIT", 1]]
  ↳ app/controllers/application_controller.rb:7
Completed 200 OK in 101ms (Views: 98.9ms | ActiveRecord: 1.3ms)


Started GET "/users/new" for ::1 at 2020-09-09 14:00:38 -0700
Processing by UsersController#new as HTML
  Rendering users/new.html.erb within layouts/application
  Rendered users/new.html.erb within layouts/application (0.9ms)
  [1m[36mUser Load (0.3ms)[0m  [1m[34mSELECT  "users".* FROM "users" WHERE "users"."session_token" IS NULL LIMIT $1[0m  [["LIMIT", 1]]
  ↳ app/controllers/application_controller.rb:7
Completed 200 OK in 93ms (Views: 90.7ms | ActiveRecord: 0.3ms)


Started GET "/session/new" for ::1 at 2020-09-09 14:00:39 -0700
Processing by SessionsController#new as HTML
  Rendering sessions/new.html.erb within layouts/application
  Rendered sessions/new.html.erb within layouts/application (0.8ms)
  [1m[36mUser Load (0.3ms)[0m  [1m[34mSELECT  "users".* FROM "users" WHERE "users"."session_token" IS NULL LIMIT $1[0m  [["LIMIT", 1]]
  ↳ app/controllers/application_controller.rb:7
Completed 200 OK in 65ms (Views: 63.9ms | ActiveRecord: 0.3ms)


Started GET "/session/new" for ::1 at 2020-09-09 14:00:50 -0700
Processing by SessionsController#new as HTML
  Rendering sessions/new.html.erb within layouts/application
  Rendered sessions/new.html.erb within layouts/application (4.4ms)
  [1m[36mUser Load (0.3ms)[0m  [1m[34mSELECT  "users".* FROM "users" WHERE "users"."session_token" IS NULL LIMIT $1[0m  [["LIMIT", 1]]
  ↳ app/controllers/application_controller.rb:7
Completed 200 OK in 108ms (Views: 107.1ms | ActiveRecord: 0.3ms)


Started GET "/users/new" for ::1 at 2020-09-09 14:00:52 -0700
Processing by UsersController#new as HTML
  Rendering users/new.html.erb within layouts/application
  Rendered users/new.html.erb within layouts/application (1.1ms)
  [1m[36mUser Load (0.5ms)[0m  [1m[34mSELECT  "users".* FROM "users" WHERE "users"."session_token" IS NULL LIMIT $1[0m  [["LIMIT", 1]]
  ↳ app/controllers/application_controller.rb:7
Completed 200 OK in 94ms (Views: 92.2ms | ActiveRecord: 0.5ms)


Started GET "/session/new" for ::1 at 2020-09-09 14:00:53 -0700
Processing by SessionsController#new as HTML
  Rendering sessions/new.html.erb within layouts/application
  Rendered sessions/new.html.erb within layouts/application (0.8ms)
  [1m[36mUser Load (0.5ms)[0m  [1m[34mSELECT  "users".* FROM "users" WHERE "users"."session_token" IS NULL LIMIT $1[0m  [["LIMIT", 1]]
  ↳ app/controllers/application_controller.rb:7
Completed 200 OK in 84ms (Views: 81.2ms | ActiveRecord: 0.5ms)


Started GET "/users/new" for ::1 at 2020-09-09 14:00:54 -0700
Processing by UsersController#new as HTML
  Rendering users/new.html.erb within layouts/application
  Rendered users/new.html.erb within layouts/application (4.3ms)
  [1m[36mUser Load (0.4ms)[0m  [1m[34mSELECT  "users".* FROM "users" WHERE "users"."session_token" IS NULL LIMIT $1[0m  [["LIMIT", 1]]
  ↳ app/controllers/application_controller.rb:7
Completed 200 OK in 76ms (Views: 73.8ms | ActiveRecord: 0.4ms)


Started GET "/session/new" for ::1 at 2020-09-09 14:00:55 -0700
Processing by SessionsController#new as HTML
  Rendering sessions/new.html.erb within layouts/application
  Rendered sessions/new.html.erb within layouts/application (1.7ms)
  [1m[36mUser Load (1.3ms)[0m  [1m[34mSELECT  "users".* FROM "users" WHERE "users"."session_token" IS NULL LIMIT $1[0m  [["LIMIT", 1]]
  ↳ app/controllers/application_controller.rb:7
Completed 200 OK in 105ms (Views: 102.9ms | ActiveRecord: 1.3ms)


Started GET "/users/new" for ::1 at 2020-09-09 14:00:57 -0700
Processing by UsersController#new as HTML
  Rendering users/new.html.erb within layouts/application
  Rendered users/new.html.erb within layouts/application (1.2ms)
  [1m[36mUser Load (1.1ms)[0m  [1m[34mSELECT  "users".* FROM "users" WHERE "users"."session_token" IS NULL LIMIT $1[0m  [["LIMIT", 1]]
  ↳ app/controllers/application_controller.rb:7
Completed 200 OK in 94ms (Views: 89.6ms | ActiveRecord: 1.1ms)


Started GET "/users/new" for ::1 at 2020-09-09 14:01:54 -0700
Processing by UsersController#new as HTML
  Rendering users/new.html.erb within layouts/application
  Rendered users/new.html.erb within layouts/application (1.4ms)
  [1m[36mUser Load (0.3ms)[0m  [1m[34mSELECT  "users".* FROM "users" WHERE "users"."session_token" IS NULL LIMIT $1[0m  [["LIMIT", 1]]
  ↳ app/controllers/application_controller.rb:7
Completed 200 OK in 135ms (Views: 134.0ms | ActiveRecord: 0.3ms)


Started GET "/users/new" for ::1 at 2020-09-09 14:04:40 -0700
Processing by UsersController#new as HTML
  Rendering users/new.html.erb within layouts/application
  Rendered users/new.html.erb within layouts/application (1.3ms)
  [1m[36mUser Load (0.7ms)[0m  [1m[34mSELECT  "users".* FROM "users" WHERE "users"."session_token" IS NULL LIMIT $1[0m  [["LIMIT", 1]]
  ↳ app/controllers/application_controller.rb:7
Completed 200 OK in 125ms (Views: 122.9ms | ActiveRecord: 0.7ms)


Started GET "/session/new" for ::1 at 2020-09-09 14:04:47 -0700
Processing by SessionsController#new as HTML
  Rendering sessions/new.html.erb within layouts/application
  Rendered sessions/new.html.erb within layouts/application (1.1ms)
  [1m[36mUser Load (0.3ms)[0m  [1m[34mSELECT  "users".* FROM "users" WHERE "users"."session_token" IS NULL LIMIT $1[0m  [["LIMIT", 1]]
  ↳ app/controllers/application_controller.rb:7
Completed 200 OK in 78ms (Views: 76.7ms | ActiveRecord: 0.3ms)


Started GET "/users/new" for ::1 at 2020-09-09 14:04:48 -0700
Processing by UsersController#new as HTML
  Rendering users/new.html.erb within layouts/application
  Rendered users/new.html.erb within layouts/application (1.4ms)
  [1m[36mUser Load (0.4ms)[0m  [1m[34mSELECT  "users".* FROM "users" WHERE "users"."session_token" IS NULL LIMIT $1[0m  [["LIMIT", 1]]
  ↳ app/controllers/application_controller.rb:7
Completed 200 OK in 79ms (Views: 78.2ms | ActiveRecord: 0.4ms)


Started GET "/session/new" for ::1 at 2020-09-09 14:04:49 -0700
Processing by SessionsController#new as HTML
  Rendering sessions/new.html.erb within layouts/application
  Rendered sessions/new.html.erb within layouts/application (1.3ms)
  [1m[36mUser Load (0.3ms)[0m  [1m[34mSELECT  "users".* FROM "users" WHERE "users"."session_token" IS NULL LIMIT $1[0m  [["LIMIT", 1]]
  ↳ app/controllers/application_controller.rb:7
Completed 200 OK in 110ms (Views: 106.7ms | ActiveRecord: 0.3ms)


Started GET "/users/new" for ::1 at 2020-09-09 14:04:50 -0700
Processing by UsersController#new as HTML
  Rendering users/new.html.erb within layouts/application
  Rendered users/new.html.erb within layouts/application (1.2ms)
  [1m[36mUser Load (0.3ms)[0m  [1m[34mSELECT  "users".* FROM "users" WHERE "users"."session_token" IS NULL LIMIT $1[0m  [["LIMIT", 1]]
  ↳ app/controllers/application_controller.rb:7
Completed 200 OK in 92ms (Views: 90.1ms | ActiveRecord: 0.3ms)


Started GET "/session/new" for ::1 at 2020-09-09 14:04:51 -0700
Processing by SessionsController#new as HTML
  Rendering sessions/new.html.erb within layouts/application
  Rendered sessions/new.html.erb within layouts/application (1.1ms)
  [1m[36mUser Load (2.5ms)[0m  [1m[34mSELECT  "users".* FROM "users" WHERE "users"."session_token" IS NULL LIMIT $1[0m  [["LIMIT", 1]]
  ↳ app/controllers/application_controller.rb:7
Completed 200 OK in 184ms (Views: 180.9ms | ActiveRecord: 2.5ms)


Started GET "/session/new" for ::1 at 2020-09-09 14:05:04 -0700
Processing by SessionsController#new as HTML
  Rendering sessions/new.html.erb within layouts/application
  Rendered sessions/new.html.erb within layouts/application (1.0ms)
  [1m[36mUser Load (1.6ms)[0m  [1m[34mSELECT  "users".* FROM "users" WHERE "users"."session_token" IS NULL LIMIT $1[0m  [["LIMIT", 1]]
  ↳ app/controllers/application_controller.rb:7
Completed 200 OK in 156ms (Views: 153.8ms | ActiveRecord: 1.6ms)


Started GET "/session/new" for ::1 at 2020-09-09 14:05:05 -0700
Processing by SessionsController#new as HTML
  Rendering sessions/new.html.erb within layouts/application
  Rendered sessions/new.html.erb within layouts/application (0.8ms)
  [1m[36mUser Load (38.3ms)[0m  [1m[34mSELECT  "users".* FROM "users" WHERE "users"."session_token" IS NULL LIMIT $1[0m  [["LIMIT", 1]]
  ↳ app/controllers/application_controller.rb:7
Completed 200 OK in 94ms (Views: 55.1ms | ActiveRecord: 38.5ms)


Started GET "/session/new" for ::1 at 2020-09-09 14:05:14 -0700
Processing by SessionsController#new as HTML
  Rendering sessions/new.html.erb within layouts/application
  Rendered sessions/new.html.erb within layouts/application (1.6ms)
  [1m[36mUser Load (0.9ms)[0m  [1m[34mSELECT  "users".* FROM "users" WHERE "users"."session_token" IS NULL LIMIT $1[0m  [["LIMIT", 1]]
  ↳ app/controllers/application_controller.rb:7
Completed 200 OK in 167ms (Views: 165.6ms | ActiveRecord: 0.9ms)


Started GET "/session/new" for ::1 at 2020-09-09 14:05:28 -0700
Processing by SessionsController#new as HTML
  Rendering sessions/new.html.erb within layouts/application
  Rendered sessions/new.html.erb within layouts/application (1.1ms)
  [1m[36mUser Load (3.1ms)[0m  [1m[34mSELECT  "users".* FROM "users" WHERE "users"."session_token" IS NULL LIMIT $1[0m  [["LIMIT", 1]]
  ↳ app/controllers/application_controller.rb:7
Completed 200 OK in 159ms (Views: 155.4ms | ActiveRecord: 3.1ms)


Started GET "/users/new" for ::1 at 2020-09-09 14:06:15 -0700
Processing by UsersController#new as HTML
  Rendering users/new.html.erb within layouts/application
  Rendered users/new.html.erb within layouts/application (7.8ms)
  [1m[36mUser Load (0.4ms)[0m  [1m[34mSELECT  "users".* FROM "users" WHERE "users"."session_token" IS NULL LIMIT $1[0m  [["LIMIT", 1]]
  ↳ app/controllers/application_controller.rb:7
Completed 200 OK in 110ms (Views: 107.7ms | ActiveRecord: 0.4ms)


Started GET "/session/new" for ::1 at 2020-09-09 14:06:16 -0700
Processing by SessionsController#new as HTML
  Rendering sessions/new.html.erb within layouts/application
  Rendered sessions/new.html.erb within layouts/application (0.8ms)
  [1m[36mUser Load (0.3ms)[0m  [1m[34mSELECT  "users".* FROM "users" WHERE "users"."session_token" IS NULL LIMIT $1[0m  [["LIMIT", 1]]
  ↳ app/controllers/application_controller.rb:7
Completed 200 OK in 83ms (Views: 82.3ms | ActiveRecord: 0.3ms)


Started GET "/users/new" for ::1 at 2020-09-09 14:06:17 -0700
Processing by UsersController#new as HTML
  Rendering users/new.html.erb within layouts/application
  Rendered users/new.html.erb within layouts/application (3.1ms)
  [1m[36mUser Load (6.8ms)[0m  [1m[34mSELECT  "users".* FROM "users" WHERE "users"."session_token" IS NULL LIMIT $1[0m  [["LIMIT", 1]]
  ↳ app/controllers/application_controller.rb:7
Completed 200 OK in 91ms (Views: 83.6ms | ActiveRecord: 6.8ms)


Started GET "/session/new" for ::1 at 2020-09-09 14:06:18 -0700
Processing by SessionsController#new as HTML
  Rendering sessions/new.html.erb within layouts/application
  Rendered sessions/new.html.erb within layouts/application (1.8ms)
  [1m[36mUser Load (0.3ms)[0m  [1m[34mSELECT  "users".* FROM "users" WHERE "users"."session_token" IS NULL LIMIT $1[0m  [["LIMIT", 1]]
  ↳ app/controllers/application_controller.rb:7
Completed 200 OK in 95ms (Views: 93.8ms | ActiveRecord: 0.3ms)


Started GET "/users/new" for ::1 at 2020-09-09 14:06:19 -0700
Processing by UsersController#new as HTML
  Rendering users/new.html.erb within layouts/application
  Rendered users/new.html.erb within layouts/application (1.0ms)
  [1m[36mUser Load (0.4ms)[0m  [1m[34mSELECT  "users".* FROM "users" WHERE "users"."session_token" IS NULL LIMIT $1[0m  [["LIMIT", 1]]
  ↳ app/controllers/application_controller.rb:7
Completed 200 OK in 80ms (Views: 78.3ms | ActiveRecord: 0.4ms)


Started GET "/session/new" for ::1 at 2020-09-09 14:06:20 -0700
Processing by SessionsController#new as HTML
  Rendering sessions/new.html.erb within layouts/application
  Rendered sessions/new.html.erb within layouts/application (4.6ms)
  [1m[36mUser Load (2.5ms)[0m  [1m[34mSELECT  "users".* FROM "users" WHERE "users"."session_token" IS NULL LIMIT $1[0m  [["LIMIT", 1]]
  ↳ app/controllers/application_controller.rb:7
Completed 200 OK in 116ms (Views: 112.5ms | ActiveRecord: 2.5ms)


Started GET "/session/new" for ::1 at 2020-09-09 14:06:28 -0700
Processing by SessionsController#new as HTML
  Rendering sessions/new.html.erb within layouts/application
  Rendered sessions/new.html.erb within layouts/application (0.8ms)
  [1m[36mUser Load (0.3ms)[0m  [1m[34mSELECT  "users".* FROM "users" WHERE "users"."session_token" IS NULL LIMIT $1[0m  [["LIMIT", 1]]
  ↳ app/controllers/application_controller.rb:7
Completed 200 OK in 96ms (Views: 94.8ms | ActiveRecord: 0.3ms)


Started GET "/users/new" for ::1 at 2020-09-09 14:06:29 -0700
Processing by UsersController#new as HTML
  Rendering users/new.html.erb within layouts/application
  Rendered users/new.html.erb within layouts/application (1.1ms)
  [1m[36mUser Load (0.3ms)[0m  [1m[34mSELECT  "users".* FROM "users" WHERE "users"."session_token" IS NULL LIMIT $1[0m  [["LIMIT", 1]]
  ↳ app/controllers/application_controller.rb:7
Completed 200 OK in 82ms (Views: 80.4ms | ActiveRecord: 0.3ms)


Started GET "/session/new" for ::1 at 2020-09-09 14:06:29 -0700
Processing by SessionsController#new as HTML
  Rendering sessions/new.html.erb within layouts/application
  Rendered sessions/new.html.erb within layouts/application (1.1ms)
  [1m[36mUser Load (3.4ms)[0m  [1m[34mSELECT  "users".* FROM "users" WHERE "users"."session_token" IS NULL LIMIT $1[0m  [["LIMIT", 1]]
  ↳ app/controllers/application_controller.rb:7
Completed 200 OK in 135ms (Views: 130.9ms | ActiveRecord: 3.4ms)


Started GET "/users/new" for ::1 at 2020-09-09 14:06:30 -0700
Processing by UsersController#new as HTML
  Rendering users/new.html.erb within layouts/application
  Rendered users/new.html.erb within layouts/application (4.2ms)
  [1m[36mUser Load (1.9ms)[0m  [1m[34mSELECT  "users".* FROM "users" WHERE "users"."session_token" IS NULL LIMIT $1[0m  [["LIMIT", 1]]
  ↳ app/controllers/application_controller.rb:7
Completed 200 OK in 84ms (Views: 79.7ms | ActiveRecord: 1.9ms)


Started GET "/users/new" for ::1 at 2020-09-09 14:07:40 -0700
Processing by UsersController#new as HTML
  Rendering users/new.html.erb within layouts/application
  Rendered users/new.html.erb within layouts/application (1.2ms)
  [1m[36mUser Load (0.5ms)[0m  [1m[34mSELECT  "users".* FROM "users" WHERE "users"."session_token" IS NULL LIMIT $1[0m  [["LIMIT", 1]]
  ↳ app/controllers/application_controller.rb:7
Completed 200 OK in 185ms (Views: 183.2ms | ActiveRecord: 0.5ms)


Started GET "/users/new" for ::1 at 2020-09-09 14:08:13 -0700
Processing by UsersController#new as HTML
  Rendering users/new.html.erb within layouts/application
  Rendered users/new.html.erb within layouts/application (1.2ms)
  [1m[36mUser Load (0.5ms)[0m  [1m[34mSELECT  "users".* FROM "users" WHERE "users"."session_token" IS NULL LIMIT $1[0m  [["LIMIT", 1]]
  ↳ app/controllers/application_controller.rb:7
Completed 200 OK in 132ms (Views: 130.9ms | ActiveRecord: 0.5ms)


Started GET "/users/new" for ::1 at 2020-09-09 14:08:38 -0700
Processing by UsersController#new as HTML
  Rendering users/new.html.erb within layouts/application
  Rendered users/new.html.erb within layouts/application (1.2ms)
  [1m[36mUser Load (19.8ms)[0m  [1m[34mSELECT  "users".* FROM "users" WHERE "users"."session_token" IS NULL LIMIT $1[0m  [["LIMIT", 1]]
  ↳ app/controllers/application_controller.rb:7
Completed 200 OK in 200ms (Views: 178.5ms | ActiveRecord: 19.8ms)


Started GET "/users/new" for ::1 at 2020-09-09 14:09:13 -0700
Processing by UsersController#new as HTML
  Rendering users/new.html.erb within layouts/application
  Rendered users/new.html.erb within layouts/application (2.1ms)
  [1m[36mUser Load (14.0ms)[0m  [1m[34mSELECT  "users".* FROM "users" WHERE "users"."session_token" IS NULL LIMIT $1[0m  [["LIMIT", 1]]
  ↳ app/controllers/application_controller.rb:7
Completed 200 OK in 297ms (Views: 282.6ms | ActiveRecord: 14.0ms)


Started GET "/users/new" for ::1 at 2020-09-09 14:09:23 -0700
Processing by UsersController#new as HTML
  Rendering users/new.html.erb within layouts/application
  Rendered users/new.html.erb within layouts/application (5.5ms)
  [1m[36mUser Load (3.2ms)[0m  [1m[34mSELECT  "users".* FROM "users" WHERE "users"."session_token" IS NULL LIMIT $1[0m  [["LIMIT", 1]]
  ↳ app/controllers/application_controller.rb:7
Completed 200 OK in 208ms (Views: 202.9ms | ActiveRecord: 3.2ms)


Started GET "/users/new" for ::1 at 2020-09-09 14:09:30 -0700
Processing by UsersController#new as HTML
  Rendering users/new.html.erb within layouts/application
  Rendered users/new.html.erb within layouts/application (1.3ms)
  [1m[36mUser Load (2.6ms)[0m  [1m[34mSELECT  "users".* FROM "users" WHERE "users"."session_token" IS NULL LIMIT $1[0m  [["LIMIT", 1]]
  ↳ app/controllers/application_controller.rb:7
Completed 200 OK in 115ms (Views: 111.1ms | ActiveRecord: 2.6ms)


  [1m[35m (0.2ms)[0m  [1m[35mBEGIN[0m
  [1m[36mUser Exists (1.7ms)[0m  [1m[34mSELECT  1 AS one FROM "users" WHERE "users"."email" = $1 LIMIT $2[0m  [["email", "test"], ["LIMIT", 1]]
  [1m[36mUser Exists (0.4ms)[0m  [1m[34mSELECT  1 AS one FROM "users" WHERE "users"."session_token" = $1 LIMIT $2[0m  [["session_token", "GCzACes_UBH1Brx6YFSY9Q"], ["LIMIT", 1]]
  [1m[35m (0.9ms)[0m  [1m[31mROLLBACK[0m
  [1m[35m (0.2ms)[0m  [1m[35mBEGIN[0m
  [1m[36mUser Exists (0.6ms)[0m  [1m[34mSELECT  1 AS one FROM "users" WHERE "users"."email" = $1 LIMIT $2[0m  [["email", "test"], ["LIMIT", 1]]
  [1m[36mUser Exists (0.4ms)[0m  [1m[34mSELECT  1 AS one FROM "users" WHERE "users"."session_token" = $1 LIMIT $2[0m  [["session_token", "GCzACes_UBH1Brx6YFSY9Q"], ["LIMIT", 1]]
  [1m[35m (6.1ms)[0m  [1m[31mROLLBACK[0m
  [1m[35m (0.2ms)[0m  [1m[35mBEGIN[0m
  [1m[36mUser Exists (0.5ms)[0m  [1m[34mSELECT  1 AS one FROM "users" WHERE "users"."email" = $1 LIMIT $2[0m  [["email", "test"], ["LIMIT", 1]]
  [1m[36mUser Exists (0.5ms)[0m  [1m[34mSELECT  1 AS one FROM "users" WHERE "users"."session_token" = $1 LIMIT $2[0m  [["session_token", "tdMASC0my8cFMcztANdEhA"], ["LIMIT", 1]]
  [1m[36mUser Create (2.3ms)[0m  [1m[32mINSERT INTO "users" ("email", "password_digest", "session_token", "created_at", "updated_at") VALUES ($1, $2, $3, $4, $5) RETURNING "id"[0m  [["email", "test"], ["password_digest", "$2a$12$/pHUhNPmfsyrP9OR3e.M7eckudc5MiOW6DuldB3UsJieJ4kPBpaOe"], ["session_token", "tdMASC0my8cFMcztANdEhA"], ["created_at", "2020-09-09 21:11:59.642813"], ["updated_at", "2020-09-09 21:11:59.642813"]]
  [1m[35m (22.1ms)[0m  [1m[35mCOMMIT[0m
  [1m[36mUser Load (0.6ms)[0m  [1m[34mSELECT "users".* FROM "users"[0m
  [1m[36mUser Load (0.5ms)[0m  [1m[34mSELECT  "users".* FROM "users" ORDER BY "users"."id" ASC LIMIT $1[0m  [["LIMIT", 1]]
Started POST "/users" for ::1 at 2020-09-09 14:24:31 -0700
  [1m[35m (5.9ms)[0m  [1m[34mSELECT "schema_migrations"."version" FROM "schema_migrations" ORDER BY "schema_migrations"."version" ASC[0m
  ↳ /home/nathan/.rbenv/versions/2.5.1/lib/ruby/gems/2.5.0/gems/activerecord-5.2.4.3/lib/active_record/log_subscriber.rb:98
Processing by UsersController#create as HTML
  Parameters: {"authenticity_token"=>"lwPL0ckH5ZiFVqxmm6fLgQUNsM9roizYGjkFzYKNh5QhnFV4PsQpkNuFCu5qdGrjIaHIh1vJQmkLi1LoOcNJ/A==", "user"=>{"email"=>"", "password"=>"[FILTERED]"}}
  [1m[35m (0.6ms)[0m  [1m[35mBEGIN[0m
  ↳ app/controllers/users_controller.rb:15
  [1m[36mUser Exists (43.6ms)[0m  [1m[34mSELECT  1 AS one FROM "users" WHERE "users"."email" = $1 LIMIT $2[0m  [["email", ""], ["LIMIT", 1]]
  ↳ app/controllers/users_controller.rb:15
  [1m[36mUser Exists (2.8ms)[0m  [1m[34mSELECT  1 AS one FROM "users" WHERE "users"."session_token" = $1 LIMIT $2[0m  [["session_token", "iChkYkfVTnUlhcXKgQZUvQ"], ["LIMIT", 1]]
  ↳ app/controllers/users_controller.rb:15
  [1m[35m (2.1ms)[0m  [1m[31mROLLBACK[0m
  ↳ app/controllers/users_controller.rb:15
Completed 422 Unprocessable Entity in 441ms (ActiveRecord: 63.0ms)



ActiveRecord::RecordInvalid - Validation failed: Email can't be blank, Password is too short (minimum is 6 characters):
  app/controllers/users_controller.rb:15:in `create'

Started POST "/__better_errors/fe38a1395c0e4a23/variables" for ::1 at 2020-09-09 14:24:32 -0700
Started GET "/users/new" for ::1 at 2020-09-09 14:24:37 -0700
Processing by UsersController#new as HTML
  Rendering users/new.html.erb within layouts/application
  Rendered users/new.html.erb within layouts/application (7.6ms)
  [1m[36mUser Load (0.7ms)[0m  [1m[34mSELECT  "users".* FROM "users" WHERE "users"."session_token" IS NULL LIMIT $1[0m  [["LIMIT", 1]]
  ↳ app/controllers/application_controller.rb:7
Completed 200 OK in 1211ms (Views: 1206.5ms | ActiveRecord: 1.0ms)


Started GET "/users/new" for ::1 at 2020-09-09 14:24:40 -0700
Processing by UsersController#new as HTML
  Rendering users/new.html.erb within layouts/application
  Rendered users/new.html.erb within layouts/application (1.8ms)
  [1m[36mUser Load (0.5ms)[0m  [1m[34mSELECT  "users".* FROM "users" WHERE "users"."session_token" IS NULL LIMIT $1[0m  [["LIMIT", 1]]
  ↳ app/controllers/application_controller.rb:7
Completed 200 OK in 87ms (Views: 82.1ms | ActiveRecord: 0.5ms)


Started GET "/session/new" for ::1 at 2020-09-09 14:24:41 -0700
Processing by SessionsController#new as HTML
  Rendering sessions/new.html.erb within layouts/application
  Rendered sessions/new.html.erb within layouts/application (2.4ms)
  [1m[36mUser Load (0.6ms)[0m  [1m[34mSELECT  "users".* FROM "users" WHERE "users"."session_token" IS NULL LIMIT $1[0m  [["LIMIT", 1]]
  ↳ app/controllers/application_controller.rb:7
Completed 200 OK in 89ms (Views: 87.6ms | ActiveRecord: 0.6ms)


Started GET "/session/new" for ::1 at 2020-09-09 14:24:59 -0700
Processing by SessionsController#new as HTML
  Rendering sessions/new.html.erb within layouts/application
  Rendered sessions/new.html.erb within layouts/application (0.9ms)
  [1m[36mUser Load (5.2ms)[0m  [1m[34mSELECT  "users".* FROM "users" WHERE "users"."session_token" IS NULL LIMIT $1[0m  [["LIMIT", 1]]
  ↳ app/controllers/application_controller.rb:7
Completed 200 OK in 164ms (Views: 158.4ms | ActiveRecord: 5.2ms)


  [1m[35m (0.6ms)[0m  [1m[34mSELECT pg_try_advisory_lock(4505726345591715405)[0m
  ↳ bin/rails:9
  [1m[35m (0.8ms)[0m  [1m[34mSELECT "schema_migrations"."version" FROM "schema_migrations" ORDER BY "schema_migrations"."version" ASC[0m
  ↳ bin/rails:9
Migrating to CreateBands (20200909213158)
  [1m[35m (0.2ms)[0m  [1m[35mBEGIN[0m
  ↳ bin/rails:9
  [1m[35m (110.8ms)[0m  [1m[35mCREATE TABLE "bands" ("id" bigserial primary key, "name" character varying NOT NULL, "created_at" timestamp NOT NULL, "updated_at" timestamp NOT NULL)[0m
  ↳ db/migrate/20200909213158_create_bands.rb:3
  [1m[36mActiveRecord::SchemaMigration Create (0.5ms)[0m  [1m[32mINSERT INTO "schema_migrations" ("version") VALUES ($1) RETURNING "version"[0m  [["version", "20200909213158"]]
  ↳ bin/rails:9
  [1m[35m (20.5ms)[0m  [1m[35mCOMMIT[0m
  ↳ bin/rails:9
  [1m[36mActiveRecord::InternalMetadata Load (12.9ms)[0m  [1m[34mSELECT  "ar_internal_metadata".* FROM "ar_internal_metadata" WHERE "ar_internal_metadata"."key" = $1 LIMIT $2[0m  [["key", "environment"], ["LIMIT", 1]]
  ↳ bin/rails:9
  [1m[35m (0.2ms)[0m  [1m[35mBEGIN[0m
  ↳ bin/rails:9
  [1m[35m (0.1ms)[0m  [1m[35mCOMMIT[0m
  ↳ bin/rails:9
  [1m[35m (0.2ms)[0m  [1m[34mSELECT pg_advisory_unlock(4505726345591715405)[0m
  ↳ bin/rails:9
  [1m[35m (0.4ms)[0m  [1m[34mSELECT "schema_migrations"."version" FROM "schema_migrations" ORDER BY "schema_migrations"."version" ASC[0m
  ↳ bin/rails:9
Started GET "/band/new" for ::1 at 2020-09-09 14:41:55 -0700
  [1m[35m (28.5ms)[0m  [1m[34mSELECT "schema_migrations"."version" FROM "schema_migrations" ORDER BY "schema_migrations"."version" ASC[0m
  ↳ /home/nathan/.rbenv/versions/2.5.1/lib/ruby/gems/2.5.0/gems/activerecord-5.2.4.3/lib/active_record/log_subscriber.rb:98
  
ActionController::RoutingError (No route matches [GET] "/band/new"):
  
actionpack (5.2.4.3) lib/action_dispatch/middleware/debug_exceptions.rb:65:in `call'
web-console (3.7.0) lib/web_console/middleware.rb:135:in `call_app'
web-console (3.7.0) lib/web_console/middleware.rb:30:in `block in call'
web-console (3.7.0) lib/web_console/middleware.rb:20:in `catch'
web-console (3.7.0) lib/web_console/middleware.rb:20:in `call'
actionpack (5.2.4.3) lib/action_dispatch/middleware/show_exceptions.rb:33:in `call'
railties (5.2.4.3) lib/rails/rack/logger.rb:38:in `call_app'
railties (5.2.4.3) lib/rails/rack/logger.rb:26:in `block in call'
activesupport (5.2.4.3) lib/active_support/tagged_logging.rb:71:in `block in tagged'
activesupport (5.2.4.3) lib/active_support/tagged_logging.rb:28:in `tagged'
activesupport (5.2.4.3) lib/active_support/tagged_logging.rb:71:in `tagged'
railties (5.2.4.3) lib/rails/rack/logger.rb:26:in `call'
sprockets-rails (3.2.1) lib/sprockets/rails/quiet_assets.rb:13:in `call'
actionpack (5.2.4.3) lib/action_dispatch/middleware/remote_ip.rb:81:in `call'
actionpack (5.2.4.3) lib/action_dispatch/middleware/request_id.rb:27:in `call'
rack (2.2.3) lib/rack/method_override.rb:24:in `call'
rack (2.2.3) lib/rack/runtime.rb:22:in `call'
activesupport (5.2.4.3) lib/active_support/cache/strategy/local_cache_middleware.rb:29:in `call'
actionpack (5.2.4.3) lib/action_dispatch/middleware/executor.rb:14:in `call'
actionpack (5.2.4.3) lib/action_dispatch/middleware/static.rb:127:in `call'
rack (2.2.3) lib/rack/sendfile.rb:110:in `call'
railties (5.2.4.3) lib/rails/engine.rb:524:in `call'
puma (3.12.6) lib/puma/configuration.rb:227:in `call'
puma (3.12.6) lib/puma/server.rb:706:in `handle_request'
puma (3.12.6) lib/puma/server.rb:476:in `process_client'
puma (3.12.6) lib/puma/server.rb:334:in `block in run'
puma (3.12.6) lib/puma/thread_pool.rb:135:in `block in spawn_thread'
Started GET "/bands/new" for ::1 at 2020-09-09 14:42:01 -0700
Processing by BandsController#new as HTML
  Rendering bands/new.html.erb within layouts/application
  Rendered bands/new.html.erb within layouts/application (1.2ms)
  [1m[36mUser Load (1.7ms)[0m  [1m[34mSELECT  "users".* FROM "users" WHERE "users"."session_token" IS NULL LIMIT $1[0m  [["LIMIT", 1]]
  ↳ app/controllers/application_controller.rb:7
Completed 200 OK in 1947ms (Views: 1905.4ms | ActiveRecord: 37.3ms)


Started GET "/bands/new" for ::1 at 2020-09-09 14:43:10 -0700
Processing by BandsController#new as HTML
  Rendering bands/new.html.erb within layouts/application
  Rendered bands/new.html.erb within layouts/application (3.2ms)
  [1m[36mUser Load (0.8ms)[0m  [1m[34mSELECT  "users".* FROM "users" WHERE "users"."session_token" IS NULL LIMIT $1[0m  [["LIMIT", 1]]
  ↳ app/controllers/application_controller.rb:7
Completed 200 OK in 127ms (Views: 122.2ms | ActiveRecord: 1.0ms)


Started POST "/bands" for ::1 at 2020-09-09 14:43:15 -0700

AbstractController::ActionNotFound - The action 'create' could not be found for BandsController:

Started POST "/__better_errors/d6a30f5917db3865/variables" for ::1 at 2020-09-09 14:43:16 -0700
Started POST "/bands" for ::1 at 2020-09-09 14:46:37 -0700
Processing by BandsController#create as HTML
  Parameters: {"authenticity_token"=>"ph5VIzD/385u/jODVVuNcMjd3PAvOnf+LdnSU7ib48EQgcuKxzwTxjAtlQukiCwS7HGkuB9RGU88a4V2A9UtqQ==", "band"=>{"name"=>"test"}}
No template found for BandsController#create, rendering head :no_content
Completed 204 No Content in 232ms (ActiveRecord: 0.0ms)


Started POST "/bands" for ::1 at 2020-09-09 14:46:39 -0700
Processing by BandsController#create as HTML
  Parameters: {"authenticity_token"=>"ph5VIzD/385u/jODVVuNcMjd3PAvOnf+LdnSU7ib48EQgcuKxzwTxjAtlQukiCwS7HGkuB9RGU88a4V2A9UtqQ==", "band"=>{"name"=>"test"}}
No template found for BandsController#create, rendering head :no_content
Completed 204 No Content in 212ms (ActiveRecord: 0.0ms)


Started POST "/bands" for ::1 at 2020-09-09 14:46:40 -0700
Processing by BandsController#create as HTML
  Parameters: {"authenticity_token"=>"ph5VIzD/385u/jODVVuNcMjd3PAvOnf+LdnSU7ib48EQgcuKxzwTxjAtlQukiCwS7HGkuB9RGU88a4V2A9UtqQ==", "band"=>{"name"=>"test"}}
No template found for BandsController#create, rendering head :no_content
Completed 204 No Content in 211ms (ActiveRecord: 0.0ms)


Started POST "/bands" for ::1 at 2020-09-09 14:46:41 -0700
Processing by BandsController#create as HTML
  Parameters: {"authenticity_token"=>"ph5VIzD/385u/jODVVuNcMjd3PAvOnf+LdnSU7ib48EQgcuKxzwTxjAtlQukiCwS7HGkuB9RGU88a4V2A9UtqQ==", "band"=>{"name"=>"test"}}
No template found for BandsController#create, rendering head :no_content
Completed 204 No Content in 225ms (ActiveRecord: 0.0ms)


Started POST "/bands" for ::1 at 2020-09-09 14:46:41 -0700
Processing by BandsController#create as HTML
  Parameters: {"authenticity_token"=>"ph5VIzD/385u/jODVVuNcMjd3PAvOnf+LdnSU7ib48EQgcuKxzwTxjAtlQukiCwS7HGkuB9RGU88a4V2A9UtqQ==", "band"=>{"name"=>"test"}}
Started POST "/bands" for ::1 at 2020-09-09 14:46:42 -0700
Processing by BandsController#create as HTML
  Parameters: {"authenticity_token"=>"ph5VIzD/385u/jODVVuNcMjd3PAvOnf+LdnSU7ib48EQgcuKxzwTxjAtlQukiCwS7HGkuB9RGU88a4V2A9UtqQ==", "band"=>{"name"=>"test"}}
No template found for BandsController#create, rendering head :no_content
Completed 204 No Content in 346ms (ActiveRecord: 0.0ms)


No template found for BandsController#create, rendering head :no_content
Completed 204 No Content in 286ms (ActiveRecord: 0.0ms)


Started POST "/bands" for ::1 at 2020-09-09 14:46:42 -0700
Processing by BandsController#create as HTML
  Parameters: {"authenticity_token"=>"ph5VIzD/385u/jODVVuNcMjd3PAvOnf+LdnSU7ib48EQgcuKxzwTxjAtlQukiCwS7HGkuB9RGU88a4V2A9UtqQ==", "band"=>{"name"=>"test"}}
Started POST "/bands" for ::1 at 2020-09-09 14:46:42 -0700
Processing by BandsController#create as HTML
  Parameters: {"authenticity_token"=>"ph5VIzD/385u/jODVVuNcMjd3PAvOnf+LdnSU7ib48EQgcuKxzwTxjAtlQukiCwS7HGkuB9RGU88a4V2A9UtqQ==", "band"=>{"name"=>"test"}}
Started POST "/bands" for ::1 at 2020-09-09 14:46:42 -0700
Processing by BandsController#create as HTML
  Parameters: {"authenticity_token"=>"ph5VIzD/385u/jODVVuNcMjd3PAvOnf+LdnSU7ib48EQgcuKxzwTxjAtlQukiCwS7HGkuB9RGU88a4V2A9UtqQ==", "band"=>{"name"=>"test"}}
Started POST "/bands" for ::1 at 2020-09-09 14:46:42 -0700
Processing by BandsController#create as HTML
  Parameters: {"authenticity_token"=>"ph5VIzD/385u/jODVVuNcMjd3PAvOnf+LdnSU7ib48EQgcuKxzwTxjAtlQukiCwS7HGkuB9RGU88a4V2A9UtqQ==", "band"=>{"name"=>"test"}}
No template found for BandsController#create, rendering head :no_content
Completed 204 No Content in 901ms (ActiveRecord: 0.0ms)


No template found for BandsController#create, rendering head :no_content
Completed 204 No Content in 929ms (ActiveRecord: 0.0ms)


No template found for BandsController#create, rendering head :no_content
Completed 204 No Content in 667ms (ActiveRecord: 0.0ms)


No template found for BandsController#create, rendering head :no_content
Completed 204 No Content in 862ms (ActiveRecord: 0.0ms)


Started GET "/bands/new" for ::1 at 2020-09-09 14:50:58 -0700
Processing by BandsController#new as HTML
  Rendering bands/new.html.erb within layouts/application
  Rendered bands/new.html.erb within layouts/application (1.4ms)
  [1m[36mUser Load (1.8ms)[0m  [1m[34mSELECT  "users".* FROM "users" WHERE "users"."session_token" IS NULL LIMIT $1[0m  [["LIMIT", 1]]
  ↳ app/controllers/application_controller.rb:7
Completed 200 OK in 214ms (Views: 201.1ms | ActiveRecord: 11.1ms)


Started POST "/bands" for ::1 at 2020-09-09 14:51:02 -0700
Processing by BandsController#create as HTML
  Parameters: {"authenticity_token"=>"JPth6pM6BKJZRaBuG3PK0So4eBLq1sdQomCck3smzOeSZP9DZPnIqgeWBubqoGuzDpQAWtq9qeGz0su2wGgCjw==", "band"=>{"name"=>"test"}}
  [1m[35m (0.2ms)[0m  [1m[35mBEGIN[0m
  ↳ app/controllers/bands_controller.rb:8
  [1m[36mBand Create (12.8ms)[0m  [1m[32mINSERT INTO "bands" ("name", "created_at", "updated_at") VALUES ($1, $2, $3) RETURNING "id"[0m  [["name", "test"], ["created_at", "2020-09-09 21:51:02.868268"], ["updated_at", "2020-09-09 21:51:02.868268"]]
  ↳ app/controllers/bands_controller.rb:8
  [1m[35m (53.7ms)[0m  [1m[35mCOMMIT[0m
  ↳ app/controllers/bands_controller.rb:8
Redirected to http://localhost:3000/bands/1
Completed 302 Found in 161ms (ActiveRecord: 134.9ms)


Started GET "/bands/1" for ::1 at 2020-09-09 14:51:02 -0700
Processing by BandsController#show as HTML
  Parameters: {"id"=>"1"}
  [1m[36mBand Load (15.2ms)[0m  [1m[34mSELECT  "bands".* FROM "bands" WHERE "bands"."id" = $1 LIMIT $2[0m  [["id", 1], ["LIMIT", 1]]
  ↳ app/controllers/bands_controller.rb:20
  Rendering bands/show.html.erb within layouts/application
  Rendered bands/show.html.erb within layouts/application (1.1ms)
  [1m[36mUser Load (1.6ms)[0m  [1m[34mSELECT  "users".* FROM "users" WHERE "users"."session_token" IS NULL LIMIT $1[0m  [["LIMIT", 1]]
  ↳ app/controllers/application_controller.rb:7
Completed 200 OK in 230ms (Views: 182.3ms | ActiveRecord: 28.2ms)


Started GET "/bands/new" for ::1 at 2020-09-09 14:51:12 -0700
Processing by BandsController#new as HTML
  Rendering bands/new.html.erb within layouts/application
  Rendered bands/new.html.erb within layouts/application (1.4ms)
  [1m[36mUser Load (3.6ms)[0m  [1m[34mSELECT  "users".* FROM "users" WHERE "users"."session_token" IS NULL LIMIT $1[0m  [["LIMIT", 1]]
  ↳ app/controllers/application_controller.rb:7
Completed 200 OK in 152ms (Views: 147.1ms | ActiveRecord: 3.6ms)


Started POST "/bands" for ::1 at 2020-09-09 14:51:15 -0700
Processing by BandsController#create as HTML
  Parameters: {"authenticity_token"=>"+vDZgDISzEc2Lw/jZ5p3eaPXfNxr63S0gzDKTNoPgBJMb0cpxdEAT2j8qWuWSdYbh3sElFuAGgWSgp1pYUFOeg==", "band"=>{"name"=>""}}
  [1m[35m (0.3ms)[0m  [1m[35mBEGIN[0m
  ↳ app/controllers/bands_controller.rb:8
  [1m[35m (0.2ms)[0m  [1m[31mROLLBACK[0m
  ↳ app/controllers/bands_controller.rb:8
  Rendering bands/new.html.erb within layouts/application
  Rendered bands/new.html.erb within layouts/application (1.3ms)
  [1m[36mUser Load (21.6ms)[0m  [1m[34mSELECT  "users".* FROM "users" WHERE "users"."session_token" IS NULL LIMIT $1[0m  [["LIMIT", 1]]
  ↳ app/controllers/application_controller.rb:7
Completed 200 OK in 184ms (Views: 151.7ms | ActiveRecord: 22.1ms)


Started POST "/bands" for ::1 at 2020-09-09 14:51:18 -0700
Processing by BandsController#create as HTML
  Parameters: {"authenticity_token"=>"ezjeYdJ+nDJeXUwwaAdX/5zk5IiyoJjjkdpipENlsvfNp0DIJb1QOgCO6riZ1PaduEicwILL9lKAaDWB+Ct8nw==", "band"=>{"name"=>"test2"}}
  [1m[35m (0.3ms)[0m  [1m[35mBEGIN[0m
  ↳ app/controllers/bands_controller.rb:8
  [1m[36mBand Create (0.9ms)[0m  [1m[32mINSERT INTO "bands" ("name", "created_at", "updated_at") VALUES ($1, $2, $3) RETURNING "id"[0m  [["name", "test2"], ["created_at", "2020-09-09 21:51:18.814632"], ["updated_at", "2020-09-09 21:51:18.814632"]]
  ↳ app/controllers/bands_controller.rb:8
  [1m[35m (23.8ms)[0m  [1m[35mCOMMIT[0m
  ↳ app/controllers/bands_controller.rb:8
Redirected to http://localhost:3000/bands/2
Completed 302 Found in 35ms (ActiveRecord: 25.0ms)


Started GET "/bands/2" for ::1 at 2020-09-09 14:51:18 -0700
Processing by BandsController#show as HTML
  Parameters: {"id"=>"2"}
  [1m[36mBand Load (4.4ms)[0m  [1m[34mSELECT  "bands".* FROM "bands" WHERE "bands"."id" = $1 LIMIT $2[0m  [["id", 2], ["LIMIT", 1]]
  ↳ app/controllers/bands_controller.rb:20
  Rendering bands/show.html.erb within layouts/application
  Rendered bands/show.html.erb within layouts/application (1.2ms)
  [1m[36mUser Load (1.0ms)[0m  [1m[34mSELECT  "users".* FROM "users" WHERE "users"."session_token" IS NULL LIMIT $1[0m  [["LIMIT", 1]]
  ↳ app/controllers/application_controller.rb:7
Completed 200 OK in 161ms (Views: 152.2ms | ActiveRecord: 5.4ms)


Started GET "/bands" for ::1 at 2020-09-09 14:54:17 -0700
Processing by BandsController#index as HTML
  Rendering bands/index.html.erb within layouts/application
  [1m[36mBand Load (36.5ms)[0m  [1m[34mSELECT "bands".* FROM "bands"[0m
  ↳ app/views/bands/index.html.erb:2
  Rendered bands/index.html.erb within layouts/application (107.9ms)
  [1m[36mUser Load (2.3ms)[0m  [1m[34mSELECT  "users".* FROM "users" WHERE "users"."session_token" IS NULL LIMIT $1[0m  [["LIMIT", 1]]
  ↳ app/controllers/application_controller.rb:7
Completed 200 OK in 284ms (Views: 186.8ms | ActiveRecord: 85.7ms)


Started GET "/bands/new" for ::1 at 2020-09-09 14:54:25 -0700
Processing by BandsController#new as HTML
  Rendering bands/new.html.erb within layouts/application
  Rendered bands/new.html.erb within layouts/application (1.4ms)
  [1m[36mUser Load (9.9ms)[0m  [1m[34mSELECT  "users".* FROM "users" WHERE "users"."session_token" IS NULL LIMIT $1[0m  [["LIMIT", 1]]
  ↳ app/controllers/application_controller.rb:7
Completed 200 OK in 186ms (Views: 174.2ms | ActiveRecord: 9.9ms)


Started POST "/bands" for ::1 at 2020-09-09 14:54:29 -0700
Processing by BandsController#create as HTML
  Parameters: {"authenticity_token"=>"SPzzavivBUlMZEDXC1oSLgowJvPqksQK9wLtEA5XKzf+Y23DD2zJQRK35l/6ibNMLpxeu9r5qrvmsLo1tRnlXw==", "band"=>{"name"=>"cool band"}}
  [1m[35m (0.5ms)[0m  [1m[35mBEGIN[0m
  ↳ app/controllers/bands_controller.rb:8
  [1m[36mBand Create (2.3ms)[0m  [1m[32mINSERT INTO "bands" ("name", "created_at", "updated_at") VALUES ($1, $2, $3) RETURNING "id"[0m  [["name", "cool band"], ["created_at", "2020-09-09 21:54:29.682415"], ["updated_at", "2020-09-09 21:54:29.682415"]]
  ↳ app/controllers/bands_controller.rb:8
  [1m[35m (30.4ms)[0m  [1m[35mCOMMIT[0m
  ↳ app/controllers/bands_controller.rb:8
Redirected to http://localhost:3000/bands/3
Completed 302 Found in 41ms (ActiveRecord: 33.1ms)


Started GET "/bands/3" for ::1 at 2020-09-09 14:54:29 -0700
Processing by BandsController#show as HTML
  Parameters: {"id"=>"3"}
  [1m[36mBand Load (0.9ms)[0m  [1m[34mSELECT  "bands".* FROM "bands" WHERE "bands"."id" = $1 LIMIT $2[0m  [["id", 3], ["LIMIT", 1]]
  ↳ app/controllers/bands_controller.rb:20
  Rendering bands/show.html.erb within layouts/application
  Rendered bands/show.html.erb within layouts/application (1.1ms)
  [1m[36mUser Load (1.8ms)[0m  [1m[34mSELECT  "users".* FROM "users" WHERE "users"."session_token" IS NULL LIMIT $1[0m  [["LIMIT", 1]]
  ↳ app/controllers/application_controller.rb:7
Completed 200 OK in 160ms (Views: 154.2ms | ActiveRecord: 2.7ms)


Started GET "/bands" for ::1 at 2020-09-09 14:54:33 -0700
Processing by BandsController#index as HTML
  Rendering bands/index.html.erb within layouts/application
  [1m[36mBand Load (1.9ms)[0m  [1m[34mSELECT "bands".* FROM "bands"[0m
  ↳ app/views/bands/index.html.erb:2
  Rendered bands/index.html.erb within layouts/application (4.8ms)
  [1m[36mUser Load (1.0ms)[0m  [1m[34mSELECT  "users".* FROM "users" WHERE "users"."session_token" IS NULL LIMIT $1[0m  [["LIMIT", 1]]
  ↳ app/controllers/application_controller.rb:7
Completed 200 OK in 172ms (Views: 167.8ms | ActiveRecord: 2.9ms)


Started GET "/bands/1/edit" for ::1 at 2020-09-09 15:01:01 -0700
Processing by BandsController#edit as HTML
  Parameters: {"id"=>"1"}
  Rendering bands/edit.html.erb within layouts/application
  Rendered bands/edit.html.erb within layouts/application (6.9ms)
Completed 500 Internal Server Error in 20ms (ActiveRecord: 0.0ms)



ActionView::Template::Error - No route matches {:action=>"show", :controller=>"bands", :id=>nil}, missing required keys: [:id]:
  app/views/bands/edit.html.erb:1:in `view template'
  app/controllers/bands_controller.rb:39:in `edit'

Started POST "/__better_errors/9ddcae8baba951bc/variables" for ::1 at 2020-09-09 15:01:01 -0700
Started GET "/band/1/edit" for ::1 at 2020-09-09 15:01:29 -0700
  
ActionController::RoutingError (No route matches [GET] "/band/1/edit"):
  
actionpack (5.2.4.3) lib/action_dispatch/middleware/debug_exceptions.rb:65:in `call'
web-console (3.7.0) lib/web_console/middleware.rb:135:in `call_app'
web-console (3.7.0) lib/web_console/middleware.rb:30:in `block in call'
web-console (3.7.0) lib/web_console/middleware.rb:20:in `catch'
web-console (3.7.0) lib/web_console/middleware.rb:20:in `call'
actionpack (5.2.4.3) lib/action_dispatch/middleware/show_exceptions.rb:33:in `call'
railties (5.2.4.3) lib/rails/rack/logger.rb:38:in `call_app'
railties (5.2.4.3) lib/rails/rack/logger.rb:26:in `block in call'
activesupport (5.2.4.3) lib/active_support/tagged_logging.rb:71:in `block in tagged'
activesupport (5.2.4.3) lib/active_support/tagged_logging.rb:28:in `tagged'
activesupport (5.2.4.3) lib/active_support/tagged_logging.rb:71:in `tagged'
railties (5.2.4.3) lib/rails/rack/logger.rb:26:in `call'
sprockets-rails (3.2.1) lib/sprockets/rails/quiet_assets.rb:13:in `call'
actionpack (5.2.4.3) lib/action_dispatch/middleware/remote_ip.rb:81:in `call'
actionpack (5.2.4.3) lib/action_dispatch/middleware/request_id.rb:27:in `call'
rack (2.2.3) lib/rack/method_override.rb:24:in `call'
rack (2.2.3) lib/rack/runtime.rb:22:in `call'
activesupport (5.2.4.3) lib/active_support/cache/strategy/local_cache_middleware.rb:29:in `call'
actionpack (5.2.4.3) lib/action_dispatch/middleware/executor.rb:14:in `call'
actionpack (5.2.4.3) lib/action_dispatch/middleware/static.rb:127:in `call'
rack (2.2.3) lib/rack/sendfile.rb:110:in `call'
railties (5.2.4.3) lib/rails/engine.rb:524:in `call'
puma (3.12.6) lib/puma/configuration.rb:227:in `call'
puma (3.12.6) lib/puma/server.rb:706:in `handle_request'
puma (3.12.6) lib/puma/server.rb:476:in `process_client'
puma (3.12.6) lib/puma/server.rb:334:in `block in run'
puma (3.12.6) lib/puma/thread_pool.rb:135:in `block in spawn_thread'
Started POST "/__better_errors/9ddcae8baba951bc/variables" for ::1 at 2020-09-09 15:01:32 -0700
Started POST "/__better_errors/9ddcae8baba951bc/variables" for ::1 at 2020-09-09 15:02:16 -0700
Started GET "/bands/1/edit" for ::1 at 2020-09-09 15:02:52 -0700
Processing by BandsController#edit as HTML
  Parameters: {"id"=>"1"}
  [1m[36mBand Load (27.6ms)[0m  [1m[34mSELECT  "bands".* FROM "bands" WHERE "bands"."id" = $1 LIMIT $2[0m  [["id", 1], ["LIMIT", 1]]
  ↳ app/controllers/bands_controller.rb:39
  Rendering bands/edit.html.erb within layouts/application
  Rendered bands/edit.html.erb within layouts/application (1.3ms)
  [1m[36mUser Load (1.0ms)[0m  [1m[34mSELECT  "users".* FROM "users" WHERE "users"."session_token" IS NULL LIMIT $1[0m  [["LIMIT", 1]]
  ↳ app/controllers/application_controller.rb:7
Completed 200 OK in 218ms (Views: 137.7ms | ActiveRecord: 60.7ms)


Started PATCH "/bands/1" for ::1 at 2020-09-09 15:03:01 -0700
Processing by BandsController#update as HTML
  Parameters: {"band"=>{"name"=>"changed name"}, "id"=>"1"}
Can't verify CSRF token authenticity.
Completed 422 Unprocessable Entity in 1ms (ActiveRecord: 0.0ms)



ActionController::InvalidAuthenticityToken - ActionController::InvalidAuthenticityToken:

Started POST "/__better_errors/4531db9b190589bb/variables" for ::1 at 2020-09-09 15:03:01 -0700
Started GET "/bands/1/edit" for ::1 at 2020-09-09 15:03:52 -0700
Processing by BandsController#edit as HTML
  Parameters: {"id"=>"1"}
  [1m[36mBand Load (0.8ms)[0m  [1m[34mSELECT  "bands".* FROM "bands" WHERE "bands"."id" = $1 LIMIT $2[0m  [["id", 1], ["LIMIT", 1]]
  ↳ app/controllers/bands_controller.rb:39
  Rendering bands/edit.html.erb within layouts/application
  Rendered bands/edit.html.erb within layouts/application (1.1ms)
  [1m[36mUser Load (22.4ms)[0m  [1m[34mSELECT  "users".* FROM "users" WHERE "users"."session_token" IS NULL LIMIT $1[0m  [["LIMIT", 1]]
  ↳ app/controllers/application_controller.rb:7
Completed 200 OK in 323ms (Views: 296.6ms | ActiveRecord: 23.2ms)


Started PATCH "/bands/1" for ::1 at 2020-09-09 15:03:57 -0700
Processing by BandsController#update as HTML
  Parameters: {"authenticity_token"=>"RFOAYhiKNGQ6OvUgEjbQDqEKdySXE7LhoFVf/QE6683yzB7L70n4bGTpU6jj5XFshaYPbKd43FCx5wjYunQlpQ==", "band"=>{"name"=>"changed name"}, "id"=>"1"}
  [1m[36mBand Load (0.6ms)[0m  [1m[34mSELECT  "bands".* FROM "bands" WHERE "bands"."id" = $1 LIMIT $2[0m  [["id", 1], ["LIMIT", 1]]
  ↳ app/controllers/bands_controller.rb:30
  [1m[35m (1.7ms)[0m  [1m[35mBEGIN[0m
  ↳ app/controllers/bands_controller.rb:31
  [1m[36mBand Update (1.3ms)[0m  [1m[33mUPDATE "bands" SET "name" = $1, "updated_at" = $2 WHERE "bands"."id" = $3[0m  [["name", "changed name"], ["updated_at", "2020-09-09 22:03:57.838118"], ["id", 1]]
  ↳ app/controllers/bands_controller.rb:31
  [1m[35m (30.9ms)[0m  [1m[35mCOMMIT[0m
  ↳ app/controllers/bands_controller.rb:31
Redirected to http://localhost:3000/bands/1
Completed 302 Found in 58ms (ActiveRecord: 34.6ms)


Started GET "/bands/1" for ::1 at 2020-09-09 15:03:57 -0700
Processing by BandsController#show as HTML
  Parameters: {"id"=>"1"}
  [1m[36mBand Load (1.3ms)[0m  [1m[34mSELECT  "bands".* FROM "bands" WHERE "bands"."id" = $1 LIMIT $2[0m  [["id", 1], ["LIMIT", 1]]
  ↳ app/controllers/bands_controller.rb:20
  Rendering bands/show.html.erb within layouts/application
  Rendered bands/show.html.erb within layouts/application (0.5ms)
  [1m[36mUser Load (0.6ms)[0m  [1m[34mSELECT  "users".* FROM "users" WHERE "users"."session_token" IS NULL LIMIT $1[0m  [["LIMIT", 1]]
  ↳ app/controllers/application_controller.rb:7
Completed 200 OK in 142ms (Views: 134.7ms | ActiveRecord: 1.9ms)


Started GET "/bands" for ::1 at 2020-09-09 15:04:01 -0700
Processing by BandsController#index as HTML
  Rendering bands/index.html.erb within layouts/application
  [1m[36mBand Load (0.8ms)[0m  [1m[34mSELECT "bands".* FROM "bands"[0m
  ↳ app/views/bands/index.html.erb:2
  Rendered bands/index.html.erb within layouts/application (3.9ms)
  [1m[36mUser Load (2.7ms)[0m  [1m[34mSELECT  "users".* FROM "users" WHERE "users"."session_token" IS NULL LIMIT $1[0m  [["LIMIT", 1]]
  ↳ app/controllers/application_controller.rb:7
Completed 200 OK in 164ms (Views: 159.9ms | ActiveRecord: 3.5ms)


Started GET "/band/1" for ::1 at 2020-09-09 15:36:07 -0700
  
ActionController::RoutingError (No route matches [GET] "/band/1"):
  
actionpack (5.2.4.3) lib/action_dispatch/middleware/debug_exceptions.rb:65:in `call'
web-console (3.7.0) lib/web_console/middleware.rb:135:in `call_app'
web-console (3.7.0) lib/web_console/middleware.rb:30:in `block in call'
web-console (3.7.0) lib/web_console/middleware.rb:20:in `catch'
web-console (3.7.0) lib/web_console/middleware.rb:20:in `call'
actionpack (5.2.4.3) lib/action_dispatch/middleware/show_exceptions.rb:33:in `call'
railties (5.2.4.3) lib/rails/rack/logger.rb:38:in `call_app'
railties (5.2.4.3) lib/rails/rack/logger.rb:26:in `block in call'
activesupport (5.2.4.3) lib/active_support/tagged_logging.rb:71:in `block in tagged'
activesupport (5.2.4.3) lib/active_support/tagged_logging.rb:28:in `tagged'
activesupport (5.2.4.3) lib/active_support/tagged_logging.rb:71:in `tagged'
railties (5.2.4.3) lib/rails/rack/logger.rb:26:in `call'
sprockets-rails (3.2.1) lib/sprockets/rails/quiet_assets.rb:13:in `call'
actionpack (5.2.4.3) lib/action_dispatch/middleware/remote_ip.rb:81:in `call'
actionpack (5.2.4.3) lib/action_dispatch/middleware/request_id.rb:27:in `call'
rack (2.2.3) lib/rack/method_override.rb:24:in `call'
rack (2.2.3) lib/rack/runtime.rb:22:in `call'
activesupport (5.2.4.3) lib/active_support/cache/strategy/local_cache_middleware.rb:29:in `call'
actionpack (5.2.4.3) lib/action_dispatch/middleware/executor.rb:14:in `call'
actionpack (5.2.4.3) lib/action_dispatch/middleware/static.rb:127:in `call'
rack (2.2.3) lib/rack/sendfile.rb:110:in `call'
railties (5.2.4.3) lib/rails/engine.rb:524:in `call'
puma (3.12.6) lib/puma/configuration.rb:227:in `call'
puma (3.12.6) lib/puma/server.rb:706:in `handle_request'
puma (3.12.6) lib/puma/server.rb:476:in `process_client'
puma (3.12.6) lib/puma/server.rb:334:in `block in run'
puma (3.12.6) lib/puma/thread_pool.rb:135:in `block in spawn_thread'
Started GET "/bands/1" for ::1 at 2020-09-09 15:36:14 -0700
Processing by BandsController#show as HTML
  Parameters: {"id"=>"1"}
  [1m[36mBand Load (24.5ms)[0m  [1m[34mSELECT  "bands".* FROM "bands" WHERE "bands"."id" = $1 LIMIT $2[0m  [["id", 1], ["LIMIT", 1]]
  ↳ app/controllers/bands_controller.rb:20
  Rendering bands/show.html.erb within layouts/application
  Rendered bands/show.html.erb within layouts/application (1.4ms)
  [1m[36mUser Load (0.8ms)[0m  [1m[34mSELECT  "users".* FROM "users" WHERE "users"."session_token" IS NULL LIMIT $1[0m  [["LIMIT", 1]]
  ↳ app/controllers/application_controller.rb:7
Completed 200 OK in 203ms (Views: 110.1ms | ActiveRecord: 59.3ms)


Started DELETE "/bands/1" for ::1 at 2020-09-09 15:36:18 -0700
Processing by BandsController#destroy as HTML
  Parameters: {"id"=>"1"}
Can't verify CSRF token authenticity.
Completed 422 Unprocessable Entity in 2ms (ActiveRecord: 0.0ms)



ActionController::InvalidAuthenticityToken - ActionController::InvalidAuthenticityToken:

Started POST "/__better_errors/f53ff2cbab123fbb/variables" for ::1 at 2020-09-09 15:36:18 -0700
Started GET "/bands/1" for ::1 at 2020-09-09 15:36:45 -0700
Processing by BandsController#show as HTML
  Parameters: {"id"=>"1"}
  [1m[36mBand Load (0.5ms)[0m  [1m[34mSELECT  "bands".* FROM "bands" WHERE "bands"."id" = $1 LIMIT $2[0m  [["id", 1], ["LIMIT", 1]]
  ↳ app/controllers/bands_controller.rb:20
  Rendering bands/show.html.erb within layouts/application
  Rendered bands/show.html.erb within layouts/application (1.8ms)
  [1m[36mUser Load (0.4ms)[0m  [1m[34mSELECT  "users".* FROM "users" WHERE "users"."session_token" IS NULL LIMIT $1[0m  [["LIMIT", 1]]
  ↳ app/controllers/application_controller.rb:7
Completed 200 OK in 129ms (Views: 124.6ms | ActiveRecord: 0.9ms)


Started DELETE "/bands/1" for ::1 at 2020-09-09 15:36:48 -0700
Processing by BandsController#destroy as HTML
  Parameters: {"authenticity_token"=>"QoN44P8eDaKFpkeHW6M9UJYUqPj8RlWDsKYXY2jx2K/0HOZJCN3Bqtt14Q+qcJwysrjQsMwtOzKhFEBG078Wxw==", "id"=>"1"}
  [1m[36mBand Load (3.0ms)[0m  [1m[34mSELECT  "bands".* FROM "bands" WHERE "bands"."id" = $1 LIMIT $2[0m  [["id", 1], ["LIMIT", 1]]
  ↳ app/controllers/bands_controller.rb:45
  [1m[36mBand Destroy (21.6ms)[0m  [1m[31mDELETE FROM "bands" WHERE "bands"."id" = $1[0m  [["id", 1]]
  ↳ app/controllers/bands_controller.rb:46
  Rendering bands/index.html.erb within layouts/application
  Rendered bands/index.html.erb within layouts/application (9.4ms)
Completed 500 Internal Server Error in 13899ms (ActiveRecord: 24.6ms)



ActionView::Template::Error - undefined method `each' for nil:NilClass:
  app/views/bands/index.html.erb:2:in `view template'
  app/controllers/bands_controller.rb:47:in `destroy'

Started POST "/__better_errors/d54622ec1c83a501/variables" for ::1 at 2020-09-09 15:37:02 -0700
Started GET "/bands/1" for ::1 at 2020-09-09 15:38:36 -0700
Processing by BandsController#show as HTML
  Parameters: {"id"=>"1"}
  [1m[36mBand Load (0.3ms)[0m  [1m[34mSELECT  "bands".* FROM "bands" WHERE "bands"."id" = $1 LIMIT $2[0m  [["id", 1], ["LIMIT", 1]]
  ↳ app/controllers/bands_controller.rb:20
Completed 404 Not Found in 13ms (ActiveRecord: 4.3ms)



ActiveRecord::RecordNotFound - Couldn't find Band with 'id'=1:
  app/controllers/bands_controller.rb:20:in `show'

Started POST "/__better_errors/f6f2eefbaa438c23/variables" for ::1 at 2020-09-09 15:38:36 -0700
Started GET "/bands/2" for ::1 at 2020-09-09 15:38:41 -0700
Processing by BandsController#show as HTML
  Parameters: {"id"=>"2"}
  [1m[36mBand Load (5.8ms)[0m  [1m[34mSELECT  "bands".* FROM "bands" WHERE "bands"."id" = $1 LIMIT $2[0m  [["id", 2], ["LIMIT", 1]]
  ↳ app/controllers/bands_controller.rb:20
  Rendering bands/show.html.erb within layouts/application
  Rendered bands/show.html.erb within layouts/application (1.4ms)
  [1m[36mUser Load (0.6ms)[0m  [1m[34mSELECT  "users".* FROM "users" WHERE "users"."session_token" IS NULL LIMIT $1[0m  [["LIMIT", 1]]
  ↳ app/controllers/application_controller.rb:7
Completed 200 OK in 124ms (Views: 104.2ms | ActiveRecord: 9.2ms)


Started DELETE "/bands/2" for ::1 at 2020-09-09 15:38:45 -0700
Processing by BandsController#destroy as HTML
  Parameters: {"authenticity_token"=>"FRx7MNBeRC/TMf9ZSa9n+10OAS6X3bgGB1Vsd6cZDq+jg+WZJ52IJ43iWdG4fMaZeaJ5Zqe21rcW5ztSHFfAxw==", "id"=>"2"}
  [1m[36mBand Load (0.4ms)[0m  [1m[34mSELECT  "bands".* FROM "bands" WHERE "bands"."id" = $1 LIMIT $2[0m  [["id", 2], ["LIMIT", 1]]
  ↳ app/controllers/bands_controller.rb:45
  [1m[36mBand Destroy (19.8ms)[0m  [1m[31mDELETE FROM "bands" WHERE "bands"."id" = $1[0m  [["id", 2]]
  ↳ app/controllers/bands_controller.rb:46
Redirected to http://localhost:3000/bands
Completed 302 Found in 27ms (ActiveRecord: 20.3ms)


Started GET "/bands" for ::1 at 2020-09-09 15:38:45 -0700
Processing by BandsController#index as HTML
  Rendering bands/index.html.erb within layouts/application
  [1m[36mBand Load (0.5ms)[0m  [1m[34mSELECT "bands".* FROM "bands"[0m
  ↳ app/views/bands/index.html.erb:2
  Rendered bands/index.html.erb within layouts/application (5.8ms)
  [1m[36mUser Load (0.4ms)[0m  [1m[34mSELECT  "users".* FROM "users" WHERE "users"."session_token" IS NULL LIMIT $1[0m  [["LIMIT", 1]]
  ↳ app/controllers/application_controller.rb:7
Completed 200 OK in 86ms (Views: 83.6ms | ActiveRecord: 0.9ms)


  [1m[35m (0.8ms)[0m  [1m[34mSELECT pg_try_advisory_lock(4505726345591715405)[0m
  ↳ bin/rails:9
  [1m[35m (1.4ms)[0m  [1m[34mSELECT "schema_migrations"."version" FROM "schema_migrations" ORDER BY "schema_migrations"."version" ASC[0m
  ↳ bin/rails:9
Migrating to CreateAlbums (20200909230639)
  [1m[35m (0.2ms)[0m  [1m[35mBEGIN[0m
  ↳ bin/rails:9
  [1m[35m (96.8ms)[0m  [1m[35mCREATE TABLE "albums" ("id" bigserial primary key, "year" integer NOT NULL, "title" character varying NOT NULL, "created_at" timestamp NOT NULL, "updated_at" timestamp NOT NULL)[0m
  ↳ db/migrate/20200909230639_create_albums.rb:3
  [1m[36mActiveRecord::SchemaMigration Create (9.1ms)[0m  [1m[32mINSERT INTO "schema_migrations" ("version") VALUES ($1) RETURNING "version"[0m  [["version", "20200909230639"]]
  ↳ bin/rails:9
  [1m[35m (21.0ms)[0m  [1m[35mCOMMIT[0m
  ↳ bin/rails:9
  [1m[36mActiveRecord::InternalMetadata Load (9.0ms)[0m  [1m[34mSELECT  "ar_internal_metadata".* FROM "ar_internal_metadata" WHERE "ar_internal_metadata"."key" = $1 LIMIT $2[0m  [["key", "environment"], ["LIMIT", 1]]
  ↳ bin/rails:9
  [1m[35m (0.2ms)[0m  [1m[35mBEGIN[0m
  ↳ bin/rails:9
  [1m[35m (0.2ms)[0m  [1m[35mCOMMIT[0m
  ↳ bin/rails:9
  [1m[35m (0.2ms)[0m  [1m[34mSELECT pg_advisory_unlock(4505726345591715405)[0m
  ↳ bin/rails:9
  [1m[35m (0.4ms)[0m  [1m[34mSELECT "schema_migrations"."version" FROM "schema_migrations" ORDER BY "schema_migrations"."version" ASC[0m
  ↳ bin/rails:9
  [1m[35m (0.3ms)[0m  [1m[34mSELECT pg_try_advisory_lock(4505726345591715405)[0m
  ↳ bin/rails:9
  [1m[35m (12.2ms)[0m  [1m[34mSELECT "schema_migrations"."version" FROM "schema_migrations" ORDER BY "schema_migrations"."version" ASC[0m
  ↳ bin/rails:9
Migrating to AddBandsToAlbum (20200909231548)
  [1m[35m (0.2ms)[0m  [1m[35mBEGIN[0m
  ↳ bin/rails:9
  [1m[35m (21.3ms)[0m  [1m[35mALTER TABLE "albums" ADD "string" band[0m
  ↳ db/migrate/20200909231548_add_bands_to_album.rb:3
  [1m[35m (0.2ms)[0m  [1m[31mROLLBACK[0m
  ↳ bin/rails:9
  [1m[35m (0.3ms)[0m  [1m[34mSELECT pg_advisory_unlock(4505726345591715405)[0m
  ↳ bin/rails:9
  [1m[35m (0.2ms)[0m  [1m[34mSELECT pg_try_advisory_lock(4505726345591715405)[0m
  ↳ bin/rails:9
  [1m[35m (1.1ms)[0m  [1m[34mSELECT "schema_migrations"."version" FROM "schema_migrations" ORDER BY "schema_migrations"."version" ASC[0m
  ↳ bin/rails:9
Migrating to AddBandsToAlbum (20200909231548)
  [1m[35m (0.2ms)[0m  [1m[35mBEGIN[0m
  ↳ bin/rails:9
  [1m[35m (8.8ms)[0m  [1m[35mALTER TABLE "albums" ADD "band" character varying[0m
  ↳ db/migrate/20200909231548_add_bands_to_album.rb:3
  [1m[36mActiveRecord::SchemaMigration Create (3.2ms)[0m  [1m[32mINSERT INTO "schema_migrations" ("version") VALUES ($1) RETURNING "version"[0m  [["version", "20200909231548"]]
  ↳ bin/rails:9
  [1m[35m (25.8ms)[0m  [1m[35mCOMMIT[0m
  ↳ bin/rails:9
  [1m[36mActiveRecord::InternalMetadata Load (0.9ms)[0m  [1m[34mSELECT  "ar_internal_metadata".* FROM "ar_internal_metadata" WHERE "ar_internal_metadata"."key" = $1 LIMIT $2[0m  [["key", "environment"], ["LIMIT", 1]]
  ↳ bin/rails:9
  [1m[35m (0.2ms)[0m  [1m[35mBEGIN[0m
  ↳ bin/rails:9
  [1m[35m (0.2ms)[0m  [1m[35mCOMMIT[0m
  ↳ bin/rails:9
  [1m[35m (0.3ms)[0m  [1m[34mSELECT pg_advisory_unlock(4505726345591715405)[0m
  ↳ bin/rails:9
  [1m[35m (0.6ms)[0m  [1m[34mSELECT "schema_migrations"."version" FROM "schema_migrations" ORDER BY "schema_migrations"."version" ASC[0m
  ↳ bin/rails:9
  [1m[35m (0.2ms)[0m  [1m[34mSELECT pg_try_advisory_lock(4505726345591715405)[0m
  ↳ bin/rails:9
  [1m[35m (13.5ms)[0m  [1m[34mSELECT "schema_migrations"."version" FROM "schema_migrations" ORDER BY "schema_migrations"."version" ASC[0m
  ↳ bin/rails:9
Migrating to AddColToAlbum (20200909234847)
  [1m[35m (0.2ms)[0m  [1m[35mBEGIN[0m
  ↳ bin/rails:9
  [1m[35m (1.8ms)[0m  [1m[35mALTER TABLE "albums" ADD "is_live?" boolean[0m
  ↳ db/migrate/20200909234847_add_col_to_album.rb:3
  [1m[36mActiveRecord::SchemaMigration Create (3.1ms)[0m  [1m[32mINSERT INTO "schema_migrations" ("version") VALUES ($1) RETURNING "version"[0m  [["version", "20200909234847"]]
  ↳ bin/rails:9
  [1m[35m (29.7ms)[0m  [1m[35mCOMMIT[0m
  ↳ bin/rails:9
  [1m[36mActiveRecord::InternalMetadata Load (0.6ms)[0m  [1m[34mSELECT  "ar_internal_metadata".* FROM "ar_internal_metadata" WHERE "ar_internal_metadata"."key" = $1 LIMIT $2[0m  [["key", "environment"], ["LIMIT", 1]]
  ↳ bin/rails:9
  [1m[35m (0.3ms)[0m  [1m[35mBEGIN[0m
  ↳ bin/rails:9
  [1m[35m (0.2ms)[0m  [1m[35mCOMMIT[0m
  ↳ bin/rails:9
  [1m[35m (0.2ms)[0m  [1m[34mSELECT pg_advisory_unlock(4505726345591715405)[0m
  ↳ bin/rails:9
  [1m[35m (0.5ms)[0m  [1m[34mSELECT "schema_migrations"."version" FROM "schema_migrations" ORDER BY "schema_migrations"."version" ASC[0m
  ↳ bin/rails:9
